This is XeTeX, Version 3.141592653-2.6-0.999995 (TeX Live 2023) (preloaded format=xelatex 2023.7.1)  6 SEP 2023 21:43
entering extended mode
 restricted \write18 enabled.
 file:line:error style messages enabled.
 %&-line parsing enabled.
**"Abstract algebra"
(./Abstract algebra.tex
LaTeX2e <2022-11-01> patch level 1
L3 programming layer <2023-02-22> (d:/texlive/2023/texmf-dist/tex/latex/base/book.cls
Document Class: book 2022/07/02 v1.4n Standard LaTeX document class
(d:/texlive/2023/texmf-dist/tex/latex/base/bk10.clo
File: bk10.clo 2022/07/02 v1.4n Standard LaTeX file (size option)
)
\c@part=\count181
\c@chapter=\count182
\c@section=\count183
\c@subsection=\count184
\c@subsubsection=\count185
\c@paragraph=\count186
\c@subparagraph=\count187
\c@figure=\count188
\c@table=\count189
\abovecaptionskip=\skip48
\belowcaptionskip=\skip49
\bibindent=\dimen140
)

LaTeX Warning: \include should only be used after \begin{document} on input line 2.

(./documentpre.tex (d:/texlive/2023/texmf-dist/tex/latex/base/inputenc.sty
Package: inputenc 2021/02/14 v1.3d Input encoding file
\inpenc@prehook=\toks16
\inpenc@posthook=\toks17


Package inputenc Warning: inputenc package ignored with utf8 based engines.

) (d:/texlive/2023/texmf-dist/tex/latex/hyperref/hyperref.sty
Package: hyperref 2023-02-07 v7.00v Hypertext links for LaTeX
 (d:/texlive/2023/texmf-dist/tex/generic/ltxcmds/ltxcmds.sty
Package: ltxcmds 2020-05-10 v1.25 LaTeX kernel commands for general use (HO)
) (d:/texlive/2023/texmf-dist/tex/generic/iftex/iftex.sty
Package: iftex 2022/02/03 v1.0f TeX engine tests
) (d:/texlive/2023/texmf-dist/tex/generic/pdftexcmds/pdftexcmds.sty
Package: pdftexcmds 2020-06-27 v0.33 Utility functions of pdfTeX for LuaTeX (HO)
 (d:/texlive/2023/texmf-dist/tex/generic/infwarerr/infwarerr.sty
Package: infwarerr 2019/12/03 v1.5 Providing info/warning/error messages (HO)
)
Package pdftexcmds Info: \pdf@primitive is available.
Package pdftexcmds Info: \pdf@ifprimitive is available.
Package pdftexcmds Info: \pdfdraftmode not found.
) (d:/texlive/2023/texmf-dist/tex/latex/graphics/keyval.sty
Package: keyval 2022/05/29 v1.15 key=value parser (DPC)
\KV@toks@=\toks18
) (d:/texlive/2023/texmf-dist/tex/latex/kvsetkeys/kvsetkeys.sty
Package: kvsetkeys 2022-10-05 v1.19 Key value parser (HO)
) (d:/texlive/2023/texmf-dist/tex/generic/kvdefinekeys/kvdefinekeys.sty
Package: kvdefinekeys 2019-12-19 v1.6 Define keys (HO)
) (d:/texlive/2023/texmf-dist/tex/generic/pdfescape/pdfescape.sty
Package: pdfescape 2019/12/09 v1.15 Implements pdfTeX's escape features (HO)
) (d:/texlive/2023/texmf-dist/tex/latex/hycolor/hycolor.sty
Package: hycolor 2020-01-27 v1.10 Color options for hyperref/bookmark (HO)
) (d:/texlive/2023/texmf-dist/tex/latex/letltxmacro/letltxmacro.sty
Package: letltxmacro 2019/12/03 v1.6 Let assignment for LaTeX macros (HO)
) (d:/texlive/2023/texmf-dist/tex/latex/auxhook/auxhook.sty
Package: auxhook 2019-12-17 v1.6 Hooks for auxiliary files (HO)
) (d:/texlive/2023/texmf-dist/tex/latex/hyperref/nameref.sty
Package: nameref 2022-05-17 v2.50 Cross-referencing by name of section
 (d:/texlive/2023/texmf-dist/tex/latex/refcount/refcount.sty
Package: refcount 2019/12/15 v3.6 Data extraction from label references (HO)
) (d:/texlive/2023/texmf-dist/tex/generic/gettitlestring/gettitlestring.sty
Package: gettitlestring 2019/12/15 v1.6 Cleanup title references (HO)
 (d:/texlive/2023/texmf-dist/tex/latex/kvoptions/kvoptions.sty
Package: kvoptions 2022-06-15 v3.15 Key value format for package options (HO)
))
\c@section@level=\count190
)
\@linkdim=\dimen141
\Hy@linkcounter=\count191
\Hy@pagecounter=\count192
 (d:/texlive/2023/texmf-dist/tex/latex/hyperref/pd1enc.def
File: pd1enc.def 2023-02-07 v7.00v Hyperref: PDFDocEncoding definition (HO)
) (d:/texlive/2023/texmf-dist/tex/generic/intcalc/intcalc.sty
Package: intcalc 2019/12/15 v1.3 Expandable calculations with integers (HO)
) (d:/texlive/2023/texmf-dist/tex/generic/etexcmds/etexcmds.sty
Package: etexcmds 2019/12/15 v1.7 Avoid name clashes with e-TeX commands (HO)
)
\Hy@SavedSpaceFactor=\count193
 (d:/texlive/2023/texmf-dist/tex/latex/hyperref/puenc.def
File: puenc.def 2023-02-07 v7.00v Hyperref: PDF Unicode definition (HO)
)
Package hyperref Info: Option `colorlinks' set `true' on input line 4060.
Package hyperref Info: Option `hyperfootnotes' set `true' on input line 4060.
Package hyperref Info: Option `bookmarksopen' set `true' on input line 4060.
Package hyperref Info: Hyper figures OFF on input line 4177.
Package hyperref Info: Link nesting OFF on input line 4182.
Package hyperref Info: Hyper index ON on input line 4185.
Package hyperref Info: Plain pages OFF on input line 4192.
Package hyperref Info: Backreferencing OFF on input line 4197.
Package hyperref Info: Implicit mode ON; LaTeX internals redefined.
Package hyperref Info: Bookmarks ON on input line 4425.
\c@Hy@tempcnt=\count194
 (d:/texlive/2023/texmf-dist/tex/latex/url/url.sty
\Urlmuskip=\muskip16
Package: url 2013/09/16  ver 3.4  Verb mode for urls, etc.
)
LaTeX Info: Redefining \url on input line 4763.
\XeTeXLinkMargin=\dimen142
 (d:/texlive/2023/texmf-dist/tex/generic/bitset/bitset.sty
Package: bitset 2019/12/09 v1.3 Handle bit-vector datatype (HO)
 (d:/texlive/2023/texmf-dist/tex/generic/bigintcalc/bigintcalc.sty
Package: bigintcalc 2019/12/15 v1.5 Expandable calculations on big integers (HO)
))
\Fld@menulength=\count195
\Field@Width=\dimen143
\Fld@charsize=\dimen144
Package hyperref Info: Hyper figures OFF on input line 6042.
Package hyperref Info: Link nesting OFF on input line 6047.
Package hyperref Info: Hyper index ON on input line 6050.
Package hyperref Info: backreferencing OFF on input line 6057.
Package hyperref Info: Link coloring ON on input line 6060.
Package hyperref Info: Link coloring with OCG OFF on input line 6067.
Package hyperref Info: PDF/A mode OFF on input line 6072.
 (d:/texlive/2023/texmf-dist/tex/latex/base/atbegshi-ltx.sty
Package: atbegshi-ltx 2021/01/10 v1.0c Emulation of the original atbegshi
package with kernel methods
)
\Hy@abspage=\count196
\c@Item=\count197
\c@Hfootnote=\count198
)
Package hyperref Info: Driver (autodetected): hxetex.
 (d:/texlive/2023/texmf-dist/tex/latex/hyperref/hxetex.def
File: hxetex.def 2023-02-07 v7.00v Hyperref driver for XeTeX
 (d:/texlive/2023/texmf-dist/tex/generic/stringenc/stringenc.sty
Package: stringenc 2019/11/29 v1.12 Convert strings between diff. encodings (HO)
)
\pdfm@box=\box51
\c@Hy@AnnotLevel=\count199
\HyField@AnnotCount=\count266
\Fld@listcount=\count267
\c@bookmark@seq@number=\count268
 (d:/texlive/2023/texmf-dist/tex/latex/rerunfilecheck/rerunfilecheck.sty
Package: rerunfilecheck 2022-07-10 v1.10 Rerun checks for auxiliary files (HO)
 (d:/texlive/2023/texmf-dist/tex/latex/base/atveryend-ltx.sty
Package: atveryend-ltx 2020/08/19 v1.0a Emulation of the original atveryend package
with kernel methods
) (d:/texlive/2023/texmf-dist/tex/generic/uniquecounter/uniquecounter.sty
Package: uniquecounter 2019/12/15 v1.4 Provide unlimited unique counter (HO)
)
Package uniquecounter Info: New unique counter `rerunfilecheck' on input line 285.
)
\Hy@SectionHShift=\skip50
) (d:/texlive/2023/texmf-dist/tex/latex/footnotebackref/footnotebackref.sty
Package: footnotebackref 2012/07/01 v1.0 Backreferences for footnotes (Holger Lange)
\c@BackrefHyperFootnoteCounter=\count269
) (d:/texlive/2023/texmf-dist/tex/latex/graphics/graphicx.sty
Package: graphicx 2021/09/16 v1.2d Enhanced LaTeX Graphics (DPC,SPQR)
 (d:/texlive/2023/texmf-dist/tex/latex/graphics/graphics.sty
Package: graphics 2022/03/10 v1.4e Standard LaTeX Graphics (DPC,SPQR)
 (d:/texlive/2023/texmf-dist/tex/latex/graphics/trig.sty
Package: trig 2021/08/11 v1.11 sin cos tan (DPC)
) (d:/texlive/2023/texmf-dist/tex/latex/graphics-cfg/graphics.cfg
File: graphics.cfg 2016/06/04 v1.11 sample graphics configuration
)
Package graphics Info: Driver file: xetex.def on input line 107.
 (d:/texlive/2023/texmf-dist/tex/latex/graphics-def/xetex.def
File: xetex.def 2022/09/22 v5.0n Graphics/color driver for xetex
))
\Gin@req@height=\dimen145
\Gin@req@width=\dimen146
) (d:/texlive/2023/texmf-dist/tex/latex/tools/multicol.sty
Package: multicol 2021/11/30 v1.9d multicolumn formatting (FMi)
\c@tracingmulticols=\count270
\mult@box=\box52
\multicol@leftmargin=\dimen147
\c@unbalance=\count271
\c@collectmore=\count272
\doublecol@number=\count273
\multicoltolerance=\count274
\multicolpretolerance=\count275
\full@width=\dimen148
\page@free=\dimen149
\premulticols=\dimen150
\postmulticols=\dimen151
\multicolsep=\skip51
\multicolbaselineskip=\skip52
\partial@page=\box53
\last@line=\box54
\maxbalancingoverflow=\dimen152
\mult@rightbox=\box55
\mult@grightbox=\box56
\mult@firstbox=\box57
\mult@gfirstbox=\box58
\@tempa=\box59
\@tempa=\box60
\@tempa=\box61
\@tempa=\box62
\@tempa=\box63
\@tempa=\box64
\@tempa=\box65
\@tempa=\box66
\@tempa=\box67
\@tempa=\box68
\@tempa=\box69
\@tempa=\box70
\@tempa=\box71
\@tempa=\box72
\@tempa=\box73
\@tempa=\box74
\@tempa=\box75
\@tempa=\box76
\@tempa=\box77
\@tempa=\box78
\@tempa=\box79
\@tempa=\box80
\@tempa=\box81
\@tempa=\box82
\@tempa=\box83
\@tempa=\box84
\@tempa=\box85
\@tempa=\box86
\@tempa=\box87
\@tempa=\box88
\@tempa=\box89
\@tempa=\box90
\@tempa=\box91
\@tempa=\box92
\@tempa=\box93
\@tempa=\box94
\c@minrows=\count276
\c@columnbadness=\count277
\c@finalcolumnbadness=\count278
\last@try=\dimen153
\multicolovershoot=\dimen154
\multicolundershoot=\dimen155
\mult@nat@firstbox=\box95
\colbreak@box=\box96
\mc@col@check@num=\count279
) (d:/texlive/2023/texmf-dist/tex/latex/amsmath/amsmath.sty
Package: amsmath 2022/04/08 v2.17n AMS math features
\@mathmargin=\skip53

For additional information on amsmath, use the `?' option.
(d:/texlive/2023/texmf-dist/tex/latex/amsmath/amstext.sty
Package: amstext 2021/08/26 v2.01 AMS text
 (d:/texlive/2023/texmf-dist/tex/latex/amsmath/amsgen.sty
File: amsgen.sty 1999/11/30 v2.0 generic functions
\@emptytoks=\toks19
\ex@=\dimen156
)) (d:/texlive/2023/texmf-dist/tex/latex/amsmath/amsbsy.sty
Package: amsbsy 1999/11/29 v1.2d Bold Symbols
\pmbraise@=\dimen157
) (d:/texlive/2023/texmf-dist/tex/latex/amsmath/amsopn.sty
Package: amsopn 2022/04/08 v2.04 operator names
)
\inf@bad=\count280
LaTeX Info: Redefining \frac on input line 234.
\uproot@=\count281
\leftroot@=\count282
LaTeX Info: Redefining \overline on input line 399.
LaTeX Info: Redefining \colon on input line 410.
\classnum@=\count283
\DOTSCASE@=\count284
LaTeX Info: Redefining \ldots on input line 496.
LaTeX Info: Redefining \dots on input line 499.
LaTeX Info: Redefining \cdots on input line 620.
\Mathstrutbox@=\box97
\strutbox@=\box98
LaTeX Info: Redefining \big on input line 722.
LaTeX Info: Redefining \Big on input line 723.
LaTeX Info: Redefining \bigg on input line 724.
LaTeX Info: Redefining \Bigg on input line 725.
\big@size=\dimen158
LaTeX Font Info:    Redeclaring font encoding OML on input line 743.
LaTeX Font Info:    Redeclaring font encoding OMS on input line 744.
\macc@depth=\count285
LaTeX Info: Redefining \bmod on input line 905.
LaTeX Info: Redefining \pmod on input line 910.
LaTeX Info: Redefining \smash on input line 940.
LaTeX Info: Redefining \relbar on input line 970.
LaTeX Info: Redefining \Relbar on input line 971.
\c@MaxMatrixCols=\count286
\dotsspace@=\muskip17
\c@parentequation=\count287
\dspbrk@lvl=\count288
\tag@help=\toks20
\row@=\count289
\column@=\count290
\maxfields@=\count291
\andhelp@=\toks21
\eqnshift@=\dimen159
\alignsep@=\dimen160
\tagshift@=\dimen161
\tagwidth@=\dimen162
\totwidth@=\dimen163
\lineht@=\dimen164
\@envbody=\toks22
\multlinegap=\skip54
\multlinetaggap=\skip55
\mathdisplay@stack=\toks23
LaTeX Info: Redefining \[ on input line 2953.
LaTeX Info: Redefining \] on input line 2954.
) (d:/texlive/2023/texmf-dist/tex/latex/amsfonts/amssymb.sty
Package: amssymb 2013/01/14 v3.01 AMS font symbols
 (d:/texlive/2023/texmf-dist/tex/latex/amsfonts/amsfonts.sty
Package: amsfonts 2013/01/14 v3.01 Basic AMSFonts support
\symAMSa=\mathgroup4
\symAMSb=\mathgroup5
LaTeX Font Info:    Redeclaring math symbol \hbar on input line 98.
LaTeX Font Info:    Overwriting math alphabet `\mathfrak' in version `bold'
(Font)                  U/euf/m/n --> U/euf/b/n on input line 106.
)) (d:/texlive/2023/texmf-dist/tex/latex/amscls/amsthm.sty
Package: amsthm 2020/05/29 v2.20.6
\thm@style=\toks24
\thm@bodyfont=\toks25
\thm@headfont=\toks26
\thm@notefont=\toks27
\thm@headpunct=\toks28
\thm@preskip=\skip56
\thm@postskip=\skip57
\thm@headsep=\skip58
\dth@everypar=\toks29
) (d:/texlive/2023/texmf-dist/tex/latex/cleveref/cleveref.sty
Package: cleveref 2018/03/27 v0.21.4 Intelligent cross-referencing
Package cleveref Info: `hyperref' support loaded on input line 2370.
LaTeX Info: Redefining \cref on input line 2370.
LaTeX Info: Redefining \Cref on input line 2370.
LaTeX Info: Redefining \crefrange on input line 2370.
LaTeX Info: Redefining \Crefrange on input line 2370.
LaTeX Info: Redefining \cpageref on input line 2370.
LaTeX Info: Redefining \Cpageref on input line 2370.
LaTeX Info: Redefining \cpagerefrange on input line 2370.
LaTeX Info: Redefining \Cpagerefrange on input line 2370.
LaTeX Info: Redefining \labelcref on input line 2370.
LaTeX Info: Redefining \labelcpageref on input line 2370.
Package cleveref Info: `amsthm' support loaded on input line 3026.
Package cleveref Info: always capitalise cross-reference names on input line 7830.
Package cleveref Info: include cross-reference names in hyperlinks on input line 7836.
Package cleveref Info: always capitalise cross-reference names on input line 7852.
Package cleveref Info: include cross-reference names in hyperlinks on input line 7852.
) (d:/texlive/2023/texmf-dist/tex/latex/textgreek/textgreek.sty
Package: textgreek 2011/10/09 v0.7 Greek symbols in text
Package textgreek Info: Loading the definitions for the Greek fontencoding. on input line 39.
 (d:/texlive/2023/texmf-dist/tex/latex/greek-fontenc/lgrenc.def
File: lgrenc.def 2023/02/28 2.2 LGR Greek font encoding definitions
 (d:/texlive/2023/texmf-dist/tex/latex/greek-fontenc/greek-fontenc.def
File: greek-fontenc.def 2023/03/08 2.2.1 Common Greek font encoding definitions
))
Package textgreek Info: Loaded fontmap: {eur/*/*}{U/eur/*/*} {phv/*/*}{U/psy/*/*}. on input line 69.
) (d:/texlive/2023/texmf-dist/tex/latex/tools/bm.sty
Package: bm 2022/01/05 v1.2f Bold Symbol Support (DPC/FMi)
\symboldoperators=\mathgroup6
\symboldletters=\mathgroup7
\symboldsymbols=\mathgroup8
Package bm Info: No bold for \OMX/cmex/m/n, using \pmb.
Package bm Info: No bold for \U/msa/m/n, using \pmb.
Package bm Info: No bold for \U/msb/m/n, using \pmb.
LaTeX Font Info:    Redeclaring math alphabet \mathbf on input line 149.
) (d:/texlive/2023/texmf-dist/tex/latex/was/upgreek.sty
Package: upgreek 2003/02/12 v2.0 (WaS)
Package upgreek Info: Using Euler Roman for upright Greek on input line 31.
\symugrf@m=\mathgroup9
LaTeX Font Info:    Overwriting symbol font `ugrf@m' in version `bold'
(Font)                  U/eur/m/n --> U/eur/b/n on input line 38.
) (d:/texlive/2023/texmf-dist/tex/latex/jknapltx/mathrsfs.sty
Package: mathrsfs 1996/01/01 Math RSFS package v1.0 (jk)
\symrsfs=\mathgroup10
) (d:/texlive/2023/texmf-dist/tex/latex/tools/array.sty
Package: array 2022/09/04 v2.5g Tabular extension package (FMi)
\col@sep=\dimen165
\ar@mcellbox=\box99
\extrarowheight=\dimen166
\NC@list=\toks30
\extratabsurround=\skip59
\backup@length=\skip60
\ar@cellbox=\box100
) (d:/texlive/2023/texmf-dist/tex/latex/tools/longtable.sty
Package: longtable 2021-09-01 v4.17 Multi-page Table package (DPC)
\LTleft=\skip61
\LTright=\skip62
\LTpre=\skip63
\LTpost=\skip64
\LTchunksize=\count292
\LTcapwidth=\dimen167
\LT@head=\box101
\LT@firsthead=\box102
\LT@foot=\box103
\LT@lastfoot=\box104
\LT@gbox=\box105
\LT@cols=\count293
\LT@rows=\count294
\c@LT@tables=\count295
\c@LT@chunks=\count296
\LT@p@ftn=\toks31
) (d:/texlive/2023/texmf-dist/tex/latex/arydshln/arydshln.sty
Package: arydshln 2019/02/21 v1.76 
\dashlinedash=\dimen168
\dashlinegap=\dimen169
\adl@box=\box106
\adl@height=\dimen170
\adl@heightsave=\dimen171
\adl@depth=\dimen172
\adl@depthsave=\dimen173
\adl@finaldepth=\dimen174
\adl@columns=\count297
\adl@ncol=\count298
\adl@currentcolumn=\count299
\adl@currentcolumnsave=\count300
\adl@totalheight=\count301
\adl@totalheightsave=\count302
\adl@dash=\count303
\adl@gap=\count304
\adl@cla=\count305
\adl@clb=\count306
\adl@everyvbox=\toks32
\adl@LTpagetotal=\dimen175
) (d:/texlive/2023/texmf-dist/tex/latex/stmaryrd/stmaryrd.sty
Package: stmaryrd 1994/03/03 St Mary's Road symbol package
\symstmry=\mathgroup11
LaTeX Font Info:    Overwriting symbol font `stmry' in version `bold'
(Font)                  U/stmry/m/n --> U/stmry/b/n on input line 89.
) (d:/texlive/2023/texmf-dist/tex/latex/extpfeil/extpfeil.sty
Package: extpfeil 2009/10/31 v0.4 Extensible Pfeile (PE)
 (d:/texlive/2023/texmf-dist/tex/latex/mathtools/mathtools.sty
Package: mathtools 2022/06/29 v1.29 mathematical typesetting tools
 (d:/texlive/2023/texmf-dist/tex/latex/tools/calc.sty
Package: calc 2017/05/25 v4.3 Infix arithmetic (KKT,FJ)
\calc@Acount=\count307
\calc@Bcount=\count308
\calc@Adimen=\dimen176
\calc@Bdimen=\dimen177
\calc@Askip=\skip65
\calc@Bskip=\skip66
LaTeX Info: Redefining \setlength on input line 80.
LaTeX Info: Redefining \addtolength on input line 81.
\calc@Ccount=\count309
\calc@Cskip=\skip67
) (d:/texlive/2023/texmf-dist/tex/latex/mathtools/mhsetup.sty
Package: mhsetup 2021/03/18 v1.4 programming setup (MH)
)
\g_MT_multlinerow_int=\count310
\l_MT_multwidth_dim=\dimen178
\origjot=\skip68
\l_MT_shortvdotswithinadjustabove_dim=\dimen179
\l_MT_shortvdotswithinadjustbelow_dim=\dimen180
\l_MT_above_intertext_sep=\dimen181
\l_MT_below_intertext_sep=\dimen182
\l_MT_above_shortintertext_sep=\dimen183
\l_MT_below_shortintertext_sep=\dimen184
\xmathstrut@box=\box107
\xmathstrut@dim=\dimen185
)) (d:/texlive/2023/texmf-dist/tex/latex/extarrows/extarrows.sty
Package: extarrows 2020/03/12 v1.2.0 Some extensible arrows
) (d:/texlive/2023/texmf-dist/tex/latex/footmisc/footmisc.sty
Package: footmisc 2022/03/08 v6.0d a miscellany of footnote facilities
\FN@temptoken=\toks33
\footnotemargin=\dimen186
\@outputbox@depth=\dimen187
Package footmisc Info: Declaring symbol style bringhurst on input line 695.
Package footmisc Info: Declaring symbol style chicago on input line 703.
Package footmisc Info: Declaring symbol style wiley on input line 712.
Package footmisc Info: Declaring symbol style lamport-robust on input line 723.
Package footmisc Info: Declaring symbol style lamport* on input line 743.
Package footmisc Info: Declaring symbol style lamport*-robust on input line 764.
) (d:/texlive/2023/texmf-dist/tex/latex/enumitem/enumitem.sty
Package: enumitem 2019/06/20 v3.9 Customized lists
\labelindent=\skip69
\enit@outerparindent=\dimen188
\enit@toks=\toks34
\enit@inbox=\box108
\enit@count@id=\count311
\enitdp@description=\count312
) (d:/texlive/2023/texmf-dist/tex/latex/epigraph/epigraph.sty
Package: epigraph 2020/01/02 v1.5e typesetting epigraphs
 (d:/texlive/2023/texmf-dist/tex/latex/nextpage/nextpage.sty
Package: nextpage 2009/09/03 v1.1a additional page commands
)
\beforeepigraphskip=\skip70
\afterepigraphskip=\skip71
\epigraphwidth=\skip72
\epigraphrule=\skip73
) (d:/texlive/2023/texmf-dist/tex/latex/tcolorbox/tcolorbox.sty
Package: tcolorbox 2023/02/12 version 6.0.1 text color boxes
 (d:/texlive/2023/texmf-dist/tex/latex/pgf/basiclayer/pgf.sty (d:/texlive/2023/texmf-dist/tex/latex/pgf/utilities/pgfrcs.sty (d:/texlive/2023/texmf-dist/tex/generic/pgf/utilities/pgfutil-common.tex
\pgfutil@everybye=\toks35
\pgfutil@tempdima=\dimen189
\pgfutil@tempdimb=\dimen190
) (d:/texlive/2023/texmf-dist/tex/generic/pgf/utilities/pgfutil-latex.def
\pgfutil@abb=\box109
) (d:/texlive/2023/texmf-dist/tex/generic/pgf/utilities/pgfrcs.code.tex (d:/texlive/2023/texmf-dist/tex/generic/pgf/pgf.revision.tex)
Package: pgfrcs 2023-01-15 v3.1.10 (3.1.10)
))
Package: pgf 2023-01-15 v3.1.10 (3.1.10)
 (d:/texlive/2023/texmf-dist/tex/latex/pgf/basiclayer/pgfcore.sty (d:/texlive/2023/texmf-dist/tex/latex/pgf/systemlayer/pgfsys.sty (d:/texlive/2023/texmf-dist/tex/generic/pgf/systemlayer/pgfsys.code.tex
Package: pgfsys 2023-01-15 v3.1.10 (3.1.10)
 (d:/texlive/2023/texmf-dist/tex/generic/pgf/utilities/pgfkeys.code.tex
\pgfkeys@pathtoks=\toks36
\pgfkeys@temptoks=\toks37
 (d:/texlive/2023/texmf-dist/tex/generic/pgf/utilities/pgfkeyslibraryfiltered.code.tex
\pgfkeys@tmptoks=\toks38
))
\pgf@x=\dimen191
\pgf@y=\dimen192
\pgf@xa=\dimen193
\pgf@ya=\dimen194
\pgf@xb=\dimen195
\pgf@yb=\dimen196
\pgf@xc=\dimen197
\pgf@yc=\dimen198
\pgf@xd=\dimen199
\pgf@yd=\dimen256
\w@pgf@writea=\write3
\r@pgf@reada=\read2
\c@pgf@counta=\count313
\c@pgf@countb=\count314
\c@pgf@countc=\count315
\c@pgf@countd=\count316
\t@pgf@toka=\toks39
\t@pgf@tokb=\toks40
\t@pgf@tokc=\toks41
\pgf@sys@id@count=\count317
 (d:/texlive/2023/texmf-dist/tex/generic/pgf/systemlayer/pgf.cfg
File: pgf.cfg 2023-01-15 v3.1.10 (3.1.10)
)
Driver file for pgf: pgfsys-xetex.def
 (d:/texlive/2023/texmf-dist/tex/generic/pgf/systemlayer/pgfsys-xetex.def
File: pgfsys-xetex.def 2023-01-15 v3.1.10 (3.1.10)
 (d:/texlive/2023/texmf-dist/tex/generic/pgf/systemlayer/pgfsys-dvipdfmx.def
File: pgfsys-dvipdfmx.def 2023-01-15 v3.1.10 (3.1.10)
 (d:/texlive/2023/texmf-dist/tex/generic/pgf/systemlayer/pgfsys-common-pdf.def
File: pgfsys-common-pdf.def 2023-01-15 v3.1.10 (3.1.10)
)
\pgfsys@objnum=\count318
))) (d:/texlive/2023/texmf-dist/tex/generic/pgf/systemlayer/pgfsyssoftpath.code.tex
File: pgfsyssoftpath.code.tex 2023-01-15 v3.1.10 (3.1.10)
\pgfsyssoftpath@smallbuffer@items=\count319
\pgfsyssoftpath@bigbuffer@items=\count320
) (d:/texlive/2023/texmf-dist/tex/generic/pgf/systemlayer/pgfsysprotocol.code.tex
File: pgfsysprotocol.code.tex 2023-01-15 v3.1.10 (3.1.10)
)) (d:/texlive/2023/texmf-dist/tex/latex/xcolor/xcolor.sty
Package: xcolor 2022/06/12 v2.14 LaTeX color extensions (UK)
 (d:/texlive/2023/texmf-dist/tex/latex/graphics-cfg/color.cfg
File: color.cfg 2016/01/02 v1.6 sample color configuration
)
Package xcolor Info: Driver file: xetex.def on input line 227.
 (d:/texlive/2023/texmf-dist/tex/latex/graphics/mathcolor.ltx)
Package xcolor Info: Model `cmy' substituted by `cmy0' on input line 1353.
Package xcolor Info: Model `RGB' extended on input line 1369.
Package xcolor Info: Model `HTML' substituted by `rgb' on input line 1371.
Package xcolor Info: Model `Hsb' substituted by `hsb' on input line 1372.
Package xcolor Info: Model `tHsb' substituted by `hsb' on input line 1373.
Package xcolor Info: Model `HSB' substituted by `hsb' on input line 1374.
Package xcolor Info: Model `Gray' substituted by `gray' on input line 1375.
Package xcolor Info: Model `wave' substituted by `hsb' on input line 1376.
) (d:/texlive/2023/texmf-dist/tex/generic/pgf/basiclayer/pgfcore.code.tex
Package: pgfcore 2023-01-15 v3.1.10 (3.1.10)
 (d:/texlive/2023/texmf-dist/tex/generic/pgf/math/pgfmath.code.tex (d:/texlive/2023/texmf-dist/tex/generic/pgf/math/pgfmathutil.code.tex) (d:/texlive/2023/texmf-dist/tex/generic/pgf/math/pgfmathparser.code.tex
\pgfmath@dimen=\dimen257
\pgfmath@count=\count321
\pgfmath@box=\box110
\pgfmath@toks=\toks42
\pgfmath@stack@operand=\toks43
\pgfmath@stack@operation=\toks44
) (d:/texlive/2023/texmf-dist/tex/generic/pgf/math/pgfmathfunctions.code.tex) (d:/texlive/2023/texmf-dist/tex/generic/pgf/math/pgfmathfunctions.basic.code.tex) (d:/texlive/2023/texmf-dist/tex/generic/pgf/math/pgfmathfunctions.trigonometric.code.tex) (d:/texlive/2023/texmf-dist/tex/generic/pgf/math/pgfmathfunctions.random.code.tex) (d:/texlive/2023/texmf-dist/tex/generic/pgf/math/pgfmathfunctions.comparison.code.tex) (d:/texlive/2023/texmf-dist/tex/generic/pgf/math/pgfmathfunctions.base.code.tex) (d:/texlive/2023/texmf-dist/tex/generic/pgf/math/pgfmathfunctions.round.code.tex) (d:/texlive/2023/texmf-dist/tex/generic/pgf/math/pgfmathfunctions.misc.code.tex) (d:/texlive/2023/texmf-dist/tex/generic/pgf/math/pgfmathfunctions.integerarithmetics.code.tex) (d:/texlive/2023/texmf-dist/tex/generic/pgf/math/pgfmathcalc.code.tex) (d:/texlive/2023/texmf-dist/tex/generic/pgf/math/pgfmathfloat.code.tex
\c@pgfmathroundto@lastzeros=\count322
)) (d:/texlive/2023/texmf-dist/tex/generic/pgf/math/pgfint.code.tex) (d:/texlive/2023/texmf-dist/tex/generic/pgf/basiclayer/pgfcorepoints.code.tex
File: pgfcorepoints.code.tex 2023-01-15 v3.1.10 (3.1.10)
\pgf@picminx=\dimen258
\pgf@picmaxx=\dimen259
\pgf@picminy=\dimen260
\pgf@picmaxy=\dimen261
\pgf@pathminx=\dimen262
\pgf@pathmaxx=\dimen263
\pgf@pathminy=\dimen264
\pgf@pathmaxy=\dimen265
\pgf@xx=\dimen266
\pgf@xy=\dimen267
\pgf@yx=\dimen268
\pgf@yy=\dimen269
\pgf@zx=\dimen270
\pgf@zy=\dimen271
) (d:/texlive/2023/texmf-dist/tex/generic/pgf/basiclayer/pgfcorepathconstruct.code.tex
File: pgfcorepathconstruct.code.tex 2023-01-15 v3.1.10 (3.1.10)
\pgf@path@lastx=\dimen272
\pgf@path@lasty=\dimen273
) (d:/texlive/2023/texmf-dist/tex/generic/pgf/basiclayer/pgfcorepathusage.code.tex
File: pgfcorepathusage.code.tex 2023-01-15 v3.1.10 (3.1.10)
\pgf@shorten@end@additional=\dimen274
\pgf@shorten@start@additional=\dimen275
) (d:/texlive/2023/texmf-dist/tex/generic/pgf/basiclayer/pgfcorescopes.code.tex
File: pgfcorescopes.code.tex 2023-01-15 v3.1.10 (3.1.10)
\pgfpic=\box111
\pgf@hbox=\box112
\pgf@layerbox@main=\box113
\pgf@picture@serial@count=\count323
) (d:/texlive/2023/texmf-dist/tex/generic/pgf/basiclayer/pgfcoregraphicstate.code.tex
File: pgfcoregraphicstate.code.tex 2023-01-15 v3.1.10 (3.1.10)
\pgflinewidth=\dimen276
) (d:/texlive/2023/texmf-dist/tex/generic/pgf/basiclayer/pgfcoretransformations.code.tex
File: pgfcoretransformations.code.tex 2023-01-15 v3.1.10 (3.1.10)
\pgf@pt@x=\dimen277
\pgf@pt@y=\dimen278
\pgf@pt@temp=\dimen279
) (d:/texlive/2023/texmf-dist/tex/generic/pgf/basiclayer/pgfcorequick.code.tex
File: pgfcorequick.code.tex 2023-01-15 v3.1.10 (3.1.10)
) (d:/texlive/2023/texmf-dist/tex/generic/pgf/basiclayer/pgfcoreobjects.code.tex
File: pgfcoreobjects.code.tex 2023-01-15 v3.1.10 (3.1.10)
) (d:/texlive/2023/texmf-dist/tex/generic/pgf/basiclayer/pgfcorepathprocessing.code.tex
File: pgfcorepathprocessing.code.tex 2023-01-15 v3.1.10 (3.1.10)
) (d:/texlive/2023/texmf-dist/tex/generic/pgf/basiclayer/pgfcorearrows.code.tex
File: pgfcorearrows.code.tex 2023-01-15 v3.1.10 (3.1.10)
\pgfarrowsep=\dimen280
) (d:/texlive/2023/texmf-dist/tex/generic/pgf/basiclayer/pgfcoreshade.code.tex
File: pgfcoreshade.code.tex 2023-01-15 v3.1.10 (3.1.10)
\pgf@max=\dimen281
\pgf@sys@shading@range@num=\count324
\pgf@shadingcount=\count325
) (d:/texlive/2023/texmf-dist/tex/generic/pgf/basiclayer/pgfcoreimage.code.tex
File: pgfcoreimage.code.tex 2023-01-15 v3.1.10 (3.1.10)
) (d:/texlive/2023/texmf-dist/tex/generic/pgf/basiclayer/pgfcoreexternal.code.tex
File: pgfcoreexternal.code.tex 2023-01-15 v3.1.10 (3.1.10)
\pgfexternal@startupbox=\box114
) (d:/texlive/2023/texmf-dist/tex/generic/pgf/basiclayer/pgfcorelayers.code.tex
File: pgfcorelayers.code.tex 2023-01-15 v3.1.10 (3.1.10)
) (d:/texlive/2023/texmf-dist/tex/generic/pgf/basiclayer/pgfcoretransparency.code.tex
File: pgfcoretransparency.code.tex 2023-01-15 v3.1.10 (3.1.10)
) (d:/texlive/2023/texmf-dist/tex/generic/pgf/basiclayer/pgfcorepatterns.code.tex
File: pgfcorepatterns.code.tex 2023-01-15 v3.1.10 (3.1.10)
) (d:/texlive/2023/texmf-dist/tex/generic/pgf/basiclayer/pgfcorerdf.code.tex
File: pgfcorerdf.code.tex 2023-01-15 v3.1.10 (3.1.10)
))) (d:/texlive/2023/texmf-dist/tex/generic/pgf/modules/pgfmoduleshapes.code.tex
File: pgfmoduleshapes.code.tex 2023-01-15 v3.1.10 (3.1.10)
\pgfnodeparttextbox=\box115
) (d:/texlive/2023/texmf-dist/tex/generic/pgf/modules/pgfmoduleplot.code.tex
File: pgfmoduleplot.code.tex 2023-01-15 v3.1.10 (3.1.10)
) (d:/texlive/2023/texmf-dist/tex/latex/pgf/compatibility/pgfcomp-version-0-65.sty
Package: pgfcomp-version-0-65 2023-01-15 v3.1.10 (3.1.10)
\pgf@nodesepstart=\dimen282
\pgf@nodesepend=\dimen283
) (d:/texlive/2023/texmf-dist/tex/latex/pgf/compatibility/pgfcomp-version-1-18.sty
Package: pgfcomp-version-1-18 2023-01-15 v3.1.10 (3.1.10)
)) (d:/texlive/2023/texmf-dist/tex/latex/tools/verbatim.sty
Package: verbatim 2022-07-02 v1.5u LaTeX2e package for verbatim enhancements
\every@verbatim=\toks45
\verbatim@line=\toks46
\verbatim@in@stream=\read3
) (d:/texlive/2023/texmf-dist/tex/latex/environ/environ.sty
Package: environ 2014/05/04 v0.3 A new way to define environments
 (d:/texlive/2023/texmf-dist/tex/latex/trimspaces/trimspaces.sty
Package: trimspaces 2009/09/17 v1.1 Trim spaces around a token list
)) (d:/texlive/2023/texmf-dist/tex/latex/etoolbox/etoolbox.sty
Package: etoolbox 2020/10/05 v2.5k e-TeX tools for LaTeX (JAW)
\etb@tempcnta=\count326
)
\tcb@titlebox=\box116
\tcb@upperbox=\box117
\tcb@lowerbox=\box118
\tcb@phantombox=\box119
\c@tcbbreakpart=\count327
\c@tcblayer=\count328
\c@tcolorbox@number=\count329
\tcb@temp=\box120
\tcb@temp=\box121
\tcb@temp=\box122
\tcb@temp=\box123
 (d:/texlive/2023/texmf-dist/tex/latex/tcolorbox/tcbraster.code.tex
Library (tcolorbox): 'tcbraster.code.tex' version '6.0.1'
\c@tcbrastercolumn=\count330
\c@tcbrasterrow=\count331
\c@tcbrasternum=\count332
\c@tcbraster=\count333
) (d:/texlive/2023/texmf-dist/tex/latex/tcolorbox/tcbskins.code.tex
Library (tcolorbox): 'tcbskins.code.tex' version '6.0.1'
(d:/texlive/2023/texmf-dist/tex/latex/pgf/frontendlayer/tikz.sty (d:/texlive/2023/texmf-dist/tex/latex/pgf/utilities/pgffor.sty (d:/texlive/2023/texmf-dist/tex/latex/pgf/utilities/pgfkeys.sty (d:/texlive/2023/texmf-dist/tex/generic/pgf/utilities/pgfkeys.code.tex)) (d:/texlive/2023/texmf-dist/tex/latex/pgf/math/pgfmath.sty (d:/texlive/2023/texmf-dist/tex/generic/pgf/math/pgfmath.code.tex)) (d:/texlive/2023/texmf-dist/tex/generic/pgf/utilities/pgffor.code.tex
Package: pgffor 2023-01-15 v3.1.10 (3.1.10)
\pgffor@iter=\dimen284
\pgffor@skip=\dimen285
\pgffor@stack=\toks47
\pgffor@toks=\toks48
)) (d:/texlive/2023/texmf-dist/tex/generic/pgf/frontendlayer/tikz/tikz.code.tex
Package: tikz 2023-01-15 v3.1.10 (3.1.10)
 (d:/texlive/2023/texmf-dist/tex/generic/pgf/libraries/pgflibraryplothandlers.code.tex
File: pgflibraryplothandlers.code.tex 2023-01-15 v3.1.10 (3.1.10)
\pgf@plot@mark@count=\count334
\pgfplotmarksize=\dimen286
)
\tikz@lastx=\dimen287
\tikz@lasty=\dimen288
\tikz@lastxsaved=\dimen289
\tikz@lastysaved=\dimen290
\tikz@lastmovetox=\dimen291
\tikz@lastmovetoy=\dimen292
\tikzleveldistance=\dimen293
\tikzsiblingdistance=\dimen294
\tikz@figbox=\box124
\tikz@figbox@bg=\box125
\tikz@tempbox=\box126
\tikz@tempbox@bg=\box127
\tikztreelevel=\count335
\tikznumberofchildren=\count336
\tikznumberofcurrentchild=\count337
\tikz@fig@count=\count338
 (d:/texlive/2023/texmf-dist/tex/generic/pgf/modules/pgfmodulematrix.code.tex
File: pgfmodulematrix.code.tex 2023-01-15 v3.1.10 (3.1.10)
\pgfmatrixcurrentrow=\count339
\pgfmatrixcurrentcolumn=\count340
\pgf@matrix@numberofcolumns=\count341
)
\tikz@expandcount=\count342
 (d:/texlive/2023/texmf-dist/tex/generic/pgf/frontendlayer/tikz/libraries/tikzlibrarytopaths.code.tex
File: tikzlibrarytopaths.code.tex 2023-01-15 v3.1.10 (3.1.10)
))) (d:/texlive/2023/texmf-dist/tex/latex/tikzfill/tikzfill.image.sty
Package: tikzfill.image 2022/07/20 v1.0.0 Image filling library for TikZ
 (d:/texlive/2023/texmf-dist/tex/latex/tikzfill/tikzfill-common.sty
Package: tikzfill-common 2022/07/20 v1.0.0 Auxiliary code for tikzfill
) (d:/texlive/2023/texmf-dist/tex/latex/tikzfill/tikzlibraryfill.image.code.tex
File: tikzlibraryfill.image.code.tex 2022/07/20 v1.0.0 Image filling library
\l__tikzfill_img_box=\box128
)) (d:/texlive/2023/texmf-dist/tex/latex/tcolorbox/tcbskinsjigsaw.code.tex
Library (tcolorbox): 'tcbskinsjigsaw.code.tex' version '6.0.1'
)) (d:/texlive/2023/texmf-dist/tex/latex/tcolorbox/tcbbreakable.code.tex
Library (tcolorbox): 'tcbbreakable.code.tex' version '6.0.1'
(d:/texlive/2023/texmf-dist/tex/latex/pdfcol/pdfcol.sty
Package: pdfcol 2022-09-21 v1.7 Handle new color stacks for pdfTeX (HO)
Package pdfcol Info: Interface disabled because of missing PDF mode of pdfTeX.
)
Package pdfcol Info: pdfTeX's color stacks are not available.
\tcb@testbox=\box129
\tcb@totalupperbox=\box130
\tcb@totallowerbox=\box131
) (d:/texlive/2023/texmf-dist/tex/latex/tcolorbox/tcbhooks.code.tex
Library (tcolorbox): 'tcbhooks.code.tex' version '6.0.1'
) (d:/texlive/2023/texmf-dist/tex/latex/tcolorbox/tcbtheorems.code.tex
Library (tcolorbox): 'tcbtheorems.code.tex' version '6.0.1'
) (d:/texlive/2023/texmf-dist/tex/latex/tcolorbox/tcbfitting.code.tex
Library (tcolorbox): 'tcbfitting.code.tex' version '6.0.1'
\tcbfitdim=\dimen295
\tcb@lowerfitdim=\dimen296
\tcb@upperfitdim=\dimen297
\tcb@cur@hbadness=\count343
)) (d:/texlive/2023/texmf-dist/tex/generic/babel/babel.sty
Package: babel 2023/02/13 3.86 The Babel package
\babel@savecnt=\count344
\U@D=\dimen298
\l@unhyphenated=\language87
 (d:/texlive/2023/texmf-dist/tex/generic/babel/xebabel.def)
\bbl@readstream=\read4
\bbl@dirlevel=\count345
 (d:/texlive/2023/texmf-dist/tex/generic/babel-english/english.ldf
Language: english 2017/06/06 v3.3r English support from the babel system
Package babel Info: Hyphen rules for 'canadian' set to \l@english
(babel)             (\language0). Reported on input line 102.
Package babel Info: Hyphen rules for 'australian' set to \l@ukenglish
(babel)             (\language21). Reported on input line 105.
Package babel Info: Hyphen rules for 'newzealand' set to \l@ukenglish
(babel)             (\language21). Reported on input line 108.
)) (d:/texlive/2023/texmf-dist/tex/generic/babel/locale/en/babel-english.tex
Package babel Info: Importing font and identification data for english
(babel)             from babel-en.ini. Reported on input line 11.
) (d:/texlive/2023/texmf-dist/tex/latex/geometry/geometry.sty
Package: geometry 2020/01/02 v5.9 Page Geometry
 (d:/texlive/2023/texmf-dist/tex/generic/iftex/ifvtex.sty
Package: ifvtex 2019/10/25 v1.7 ifvtex legacy package. Use iftex instead.
)
\Gm@cnth=\count346
\Gm@cntv=\count347
\c@Gm@tempcnt=\count348
\Gm@bindingoffset=\dimen299
\Gm@wd@mp=\dimen300
\Gm@odd@mp=\dimen301
\Gm@even@mp=\dimen302
\Gm@layoutwidth=\dimen303
\Gm@layoutheight=\dimen304
\Gm@layouthoffset=\dimen305
\Gm@layoutvoffset=\dimen306
\Gm@dimlist=\toks49
) (d:/texlive/2023/texmf-dist/tex/latex/setspace/setspace.sty
Package: setspace 2022/12/04 v6.7b set line spacing
) (d:/texlive/2023/texmf-dist/tex/latex/microtype/microtype.sty
Package: microtype 2023/03/13 v3.1a Micro-typographical refinements (RS)
\MT@toks=\toks50
\MT@tempbox=\box132
\MT@count=\count349
LaTeX Info: Redefining \noprotrusionifhmode on input line 1059.
LaTeX Info: Redefining \leftprotrusion on input line 1060.
\MT@prot@toks=\toks51
LaTeX Info: Redefining \rightprotrusion on input line 1078.
LaTeX Info: Redefining \textls on input line 1368.
\MT@outer@kern=\dimen307
LaTeX Info: Redefining \textmicrotypecontext on input line 1988.
\MT@listname@count=\count350
 (d:/texlive/2023/texmf-dist/tex/latex/microtype/microtype-xetex.def
File: microtype-xetex.def 2023/03/13 v3.1a Definitions specific to xetex (RS)
LaTeX Info: Redefining \lsstyle on input line 238.
)
Package microtype Info: Loading configuration file microtype.cfg.
 (d:/texlive/2023/texmf-dist/tex/latex/microtype/microtype.cfg
File: microtype.cfg 2023/03/13 v3.1a microtype main configuration file (RS)
)) (d:/texlive/2023/texmf-dist/tex/latex/float/float.sty
Package: float 2001/11/08 v1.3d Float enhancements (AL)
\c@float@type=\count351
\float@exts=\toks52
\float@box=\box133
\@float@everytoks=\toks53
\@floatcapt=\box134
) (d:/texlive/2023/texmf-dist/tex/latex/mdframed/mdframed.sty
Package: mdframed 2013/07/01 1.9b: mdframed
 (d:/texlive/2023/texmf-dist/tex/latex/l3packages/xparse/xparse.sty (d:/texlive/2023/texmf-dist/tex/latex/l3kernel/expl3.sty
Package: expl3 2023-02-22 L3 programming layer (loader) 
 (d:/texlive/2023/texmf-dist/tex/latex/l3backend/l3backend-xetex.def
File: l3backend-xetex.def 2023-01-16 L3 backend support: XeTeX
\g__graphics_track_int=\count352
\l__pdf_internal_box=\box135
\g__pdf_backend_object_int=\count353
\g__pdf_backend_annotation_int=\count354
\g__pdf_backend_link_int=\count355
))
Package: xparse 2023-02-02 L3 Experimental document command parser
) (d:/texlive/2023/texmf-dist/tex/latex/zref/zref-abspage.sty
Package: zref-abspage 2022-04-07 v2.34 Module abspage for zref (HO)
 (d:/texlive/2023/texmf-dist/tex/latex/zref/zref-base.sty
Package: zref-base 2022-04-07 v2.34 Module base for zref (HO)
Package zref Info: New property list: main on input line 767.
Package zref Info: New property: default on input line 768.
Package zref Info: New property: page on input line 769.
)
\c@abspage=\count356
Package zref Info: New property: abspage on input line 65.
) (d:/texlive/2023/texmf-dist/tex/latex/needspace/needspace.sty
Package: needspace 2010/09/12 v1.3d reserve vertical space
)
\mdf@templength=\skip74
\c@mdf@globalstyle@cnt=\count357
\mdf@skipabove@length=\skip75
\mdf@skipbelow@length=\skip76
\mdf@leftmargin@length=\skip77
\mdf@rightmargin@length=\skip78
\mdf@innerleftmargin@length=\skip79
\mdf@innerrightmargin@length=\skip80
\mdf@innertopmargin@length=\skip81
\mdf@innerbottommargin@length=\skip82
\mdf@splittopskip@length=\skip83
\mdf@splitbottomskip@length=\skip84
\mdf@outermargin@length=\skip85
\mdf@innermargin@length=\skip86
\mdf@linewidth@length=\skip87
\mdf@innerlinewidth@length=\skip88
\mdf@middlelinewidth@length=\skip89
\mdf@outerlinewidth@length=\skip90
\mdf@roundcorner@length=\skip91
\mdf@footenotedistance@length=\skip92
\mdf@userdefinedwidth@length=\skip93
\mdf@needspace@length=\skip94
\mdf@frametitleaboveskip@length=\skip95
\mdf@frametitlebelowskip@length=\skip96
\mdf@frametitlerulewidth@length=\skip97
\mdf@frametitleleftmargin@length=\skip98
\mdf@frametitlerightmargin@length=\skip99
\mdf@shadowsize@length=\skip100
\mdf@extratopheight@length=\skip101
\mdf@subtitleabovelinewidth@length=\skip102
\mdf@subtitlebelowlinewidth@length=\skip103
\mdf@subtitleaboveskip@length=\skip104
\mdf@subtitlebelowskip@length=\skip105
\mdf@subtitleinneraboveskip@length=\skip106
\mdf@subtitleinnerbelowskip@length=\skip107
\mdf@subsubtitleabovelinewidth@length=\skip108
\mdf@subsubtitlebelowlinewidth@length=\skip109
\mdf@subsubtitleaboveskip@length=\skip110
\mdf@subsubtitlebelowskip@length=\skip111
\mdf@subsubtitleinneraboveskip@length=\skip112
\mdf@subsubtitleinnerbelowskip@length=\skip113
 (d:/texlive/2023/texmf-dist/tex/latex/mdframed/md-frame-1.mdf
File: md-frame-1.mdf 2013/07/01\ 1.9b: md-frame-1
)
\mdf@frametitlebox=\box136
\mdf@footnotebox=\box137
\mdf@splitbox@one=\box138
\mdf@splitbox@two=\box139
\mdf@splitbox@save=\box140
\mdfsplitboxwidth=\skip114
\mdfsplitboxtotalwidth=\skip115
\mdfsplitboxheight=\skip116
\mdfsplitboxdepth=\skip117
\mdfsplitboxtotalheight=\skip118
\mdfframetitleboxwidth=\skip119
\mdfframetitleboxtotalwidth=\skip120
\mdfframetitleboxheight=\skip121
\mdfframetitleboxdepth=\skip122
\mdfframetitleboxtotalheight=\skip123
\mdffootnoteboxwidth=\skip124
\mdffootnoteboxtotalwidth=\skip125
\mdffootnoteboxheight=\skip126
\mdffootnoteboxdepth=\skip127
\mdffootnoteboxtotalheight=\skip128
\mdftotallinewidth=\skip129
\mdfboundingboxwidth=\skip130
\mdfboundingboxtotalwidth=\skip131
\mdfboundingboxheight=\skip132
\mdfboundingboxdepth=\skip133
\mdfboundingboxtotalheight=\skip134
\mdf@freevspace@length=\skip135
\mdf@horizontalwidthofbox@length=\skip136
\mdf@verticalmarginwhole@length=\skip137
\mdf@horizontalspaceofbox=\skip138
\mdfsubtitleheight=\skip139
\mdfsubsubtitleheight=\skip140
\c@mdfcountframes=\count358

****** mdframed patching \endmdf@trivlist

****** -- success******

\mdf@envdepth=\count359
\c@mdf@env@i=\count360
\c@mdf@env@ii=\count361
\c@mdf@zref@counter=\count362
Package zref Info: New property: mdf@pagevalue on input line 895.
) (d:/texlive/2023/texmf-dist/tex/latex/bclogo/bclogo.sty
Package: bclogo 2016/01/10 v3.1
 (d:/texlive/2023/texmf-dist/tex/latex/xkeyval/xkeyval.sty
Package: xkeyval 2022/06/16 v2.9 package option processing (HA)
 (d:/texlive/2023/texmf-dist/tex/generic/xkeyval/xkeyval.tex (d:/texlive/2023/texmf-dist/tex/generic/xkeyval/xkvutils.tex
\XKV@toks=\toks54
\XKV@tempa@toks=\toks55
)
\XKV@depth=\count363
File: xkeyval.tex 2014/12/03 v2.7a key=value parser (HA)
)) (d:/texlive/2023/texmf-dist/tex/latex/base/ifthen.sty
Package: ifthen 2022/04/13 v1.1d Standard LaTeX ifthen package (DPC)
)
\bc@invboxh=\skip141
\bc@invboxd=\skip142
\bc@titleLength=\skip143
\logowidth=\skip144
 (d:/texlive/2023/texmf-dist/tex/generic/pgf/frontendlayer/tikz/libraries/tikzlibraryshadows.code.tex
File: tikzlibraryshadows.code.tex 2023-01-15 v3.1.10 (3.1.10)
 (d:/texlive/2023/texmf-dist/tex/generic/pgf/frontendlayer/tikz/libraries/tikzlibraryfadings.code.tex
File: tikzlibraryfadings.code.tex 2023-01-15 v3.1.10 (3.1.10)
 (d:/texlive/2023/texmf-dist/tex/generic/pgf/libraries/pgflibraryfadings.code.tex
File: pgflibraryfadings.code.tex 2023-01-15 v3.1.10 (3.1.10)
))) (d:/texlive/2023/texmf-dist/tex/generic/pgf/frontendlayer/tikz/libraries/tikzlibrarydecorations.pathmorphing.code.tex (d:/texlive/2023/texmf-dist/tex/generic/pgf/frontendlayer/tikz/libraries/tikzlibrarydecorations.code.tex (d:/texlive/2023/texmf-dist/tex/generic/pgf/modules/pgfmoduledecorations.code.tex
\pgfdecoratedcompleteddistance=\dimen308
\pgfdecoratedremainingdistance=\dimen309
\pgfdecoratedinputsegmentcompleteddistance=\dimen310
\pgfdecoratedinputsegmentremainingdistance=\dimen311
\pgf@decorate@distancetomove=\dimen312
\pgf@decorate@repeatstate=\count364
\pgfdecorationsegmentamplitude=\dimen313
\pgfdecorationsegmentlength=\dimen314
)
\tikz@lib@dec@box=\box141
) (d:/texlive/2023/texmf-dist/tex/generic/pgf/libraries/decorations/pgflibrarydecorations.pathmorphing.code.tex)) (d:/texlive/2023/texmf-dist/tex/generic/iftex/ifpdf.sty
Package: ifpdf 2019/10/25 v3.4 ifpdf legacy package. Use iftex instead.
)
Invalid UTF-8 byte or sequence at line 164 replaced by U+FFFD.
Invalid UTF-8 byte or sequence at line 164 replaced by U+FFFD.
Invalid UTF-8 byte or sequence at line 201 replaced by U+FFFD.
\c@bclogocompteur=\count365
\bcval@epBarre=\skip145
\bcval@framesep=\skip146
\bcval@tailleOndu=\skip147
\bcval@borderWidth=\skip148
Invalid UTF-8 byte or sequence at line 216 replaced by U+FFFD.
\bcval@margeG=\skip149
Invalid UTF-8 byte or sequence at line 217 replaced by U+FFFD.
Invalid UTF-8 byte or sequence at line 217 replaced by U+FFFD.
\bcval@margeD=\skip150
\bc@envbox=\box142
Invalid UTF-8 byte or sequence at line 334 replaced by U+FFFD.
Invalid UTF-8 byte or sequence at line 454 replaced by U+FFFD.
Invalid UTF-8 byte or sequence at line 454 replaced by U+FFFD.
Invalid UTF-8 byte or sequence at line 454 replaced by U+FFFD.
) (d:/texlive/2023/texmf-dist/tex/latex/wrapfig/wrapfig.sty
\wrapoverhang=\dimen315
\WF@size=\dimen316
\c@WF@wrappedlines=\count366
\WF@box=\box143
\WF@everypar=\toks56
Package: wrapfig 2003/01/31  v 3.6
) (d:/texlive/2023/texmf-dist/tex/latex/tikz-cd/tikz-cd.sty
Package: tikz-cd 2021/05/04 v1.0 Commutative diagrams with TikZ
 (d:/texlive/2023/texmf-dist/tex/generic/tikz-cd/tikzlibrarycd.code.tex (d:/texlive/2023/texmf-dist/tex/generic/pgf/frontendlayer/tikz/libraries/tikzlibrarymatrix.code.tex
File: tikzlibrarymatrix.code.tex 2023-01-15 v3.1.10 (3.1.10)
) (d:/texlive/2023/texmf-dist/tex/generic/pgf/frontendlayer/tikz/libraries/tikzlibraryquotes.code.tex
File: tikzlibraryquotes.code.tex 2023-01-15 v3.1.10 (3.1.10)
) (d:/texlive/2023/texmf-dist/tex/generic/pgf/libraries/pgflibraryarrows.meta.code.tex
File: pgflibraryarrows.meta.code.tex 2023-01-15 v3.1.10 (3.1.10)
\pgfarrowinset=\dimen317
\pgfarrowlength=\dimen318
\pgfarrowwidth=\dimen319
\pgfarrowlinewidth=\dimen320
))) (d:/texlive/2023/texmf-dist/tex/latex/fancyhdr/fancyhdr.sty
Package: fancyhdr 2022/11/09 v4.1 Extensive control of page headers and footers
\f@nch@headwidth=\skip151
\f@nch@O@elh=\skip152
\f@nch@O@erh=\skip153
\f@nch@O@olh=\skip154
\f@nch@O@orh=\skip155
\f@nch@O@elf=\skip156
\f@nch@O@erf=\skip157
\f@nch@O@olf=\skip158
\f@nch@O@orf=\skip159
) (d:/texlive/2023/texmf-dist/tex/latex/titlesec/titlesec.sty
Package: titlesec 2021/07/05 v2.14 Sectioning titles
\ttl@box=\box144
\beforetitleunit=\skip160
\aftertitleunit=\skip161
\ttl@plus=\dimen321
\ttl@minus=\dimen322
\ttl@toksa=\toks57
\titlewidth=\dimen323
\titlewidthlast=\dimen324
\titlewidthfirst=\dimen325
) (d:/texlive/2023/texmf-dist/tex/latex/tocloft/tocloft.sty
Package: tocloft 2017/08/31 v2.3i parameterised ToC, etc., typesetting
Package tocloft Info: The document has chapter divisions on input line 51.
\cftparskip=\skip162
\cftbeforetoctitleskip=\skip163
\cftaftertoctitleskip=\skip164
\cftbeforepartskip=\skip165
\cftpartnumwidth=\skip166
\cftpartindent=\skip167
\cftbeforechapskip=\skip168
\cftchapindent=\skip169
\cftchapnumwidth=\skip170
\cftbeforesecskip=\skip171
\cftsecindent=\skip172
\cftsecnumwidth=\skip173
\cftbeforesubsecskip=\skip174
\cftsubsecindent=\skip175
\cftsubsecnumwidth=\skip176
\cftbeforesubsubsecskip=\skip177
\cftsubsubsecindent=\skip178
\cftsubsubsecnumwidth=\skip179
\cftbeforeparaskip=\skip180
\cftparaindent=\skip181
\cftparanumwidth=\skip182
\cftbeforesubparaskip=\skip183
\cftsubparaindent=\skip184
\cftsubparanumwidth=\skip185
\cftbeforeloftitleskip=\skip186
\cftafterloftitleskip=\skip187
\cftbeforefigskip=\skip188
\cftfigindent=\skip189
\cftfignumwidth=\skip190
\c@lofdepth=\count367
\c@lotdepth=\count368
\cftbeforelottitleskip=\skip191
\cftafterlottitleskip=\skip192
\cftbeforetabskip=\skip193
\cfttabindent=\skip194
\cfttabnumwidth=\skip195
) (d:/texlive/2023/texmf-dist/tex/latex/titlesec/titletoc.sty
Package: titletoc 2021/07/05 v2.14 TOC entries
\ttl@leftsep=\dimen326
) (d:/texlive/2023/texmf-dist/tex/latex/sectsty/sectsty.sty
Package: sectsty 2002/02/25 v2.0.2 Commands to change all sectional heading styles


LaTeX Warning: Command \underbar  has changed.
               Check if current package is valid.


LaTeX Warning: Command \underline  has changed.
               Check if current package is valid.

) (d:/texlive/2023/texmf-dist/tex/latex/booktabs/booktabs.sty
Package: booktabs 2020/01/12 v1.61803398 Publication quality tables
\heavyrulewidth=\dimen327
\lightrulewidth=\dimen328
\cmidrulewidth=\dimen329
\belowrulesep=\dimen330
\belowbottomsep=\dimen331
\aboverulesep=\dimen332
\abovetopsep=\dimen333
\cmidrulesep=\dimen334
\cmidrulekern=\dimen335
\defaultaddspace=\dimen336
\@cmidla=\count369
\@cmidlb=\count370
\@aboverulesep=\dimen337
\@belowrulesep=\dimen338
\@thisruleclass=\count371
\@lastruleclass=\count372
\@thisrulewidth=\dimen339
) (d:/texlive/2023/texmf-dist/tex/latex/easy/easybmat.sty
Document Style `easybmat' v1.0 <2001/06/13>.
(d:/texlive/2023/texmf-dist/tex/latex/easy/easy.sty
Document Style `easy' v1.1 <2001/05/31>.
Package: easy 2001/05/31 v1.1
\@easy@level=\count373
\@easy@ncol=\count374
\@easy@nrow=\count375
\@easy@cnt=\count376
\@easy@boxviii=\box145
\@easy@minxviii=\dimen340
\@easy@minyviii=\dimen341
\@easy@maxxviii=\dimen342
\@easy@maxyviii=\dimen343
\@easy@boxvii=\box146
\@easy@minxvii=\dimen344
\@easy@minyvii=\dimen345
\@easy@maxxvii=\dimen346
\@easy@maxyvii=\dimen347
\@easy@boxvi=\box147
\@easy@minxvi=\dimen348
\@easy@minyvi=\dimen349
\@easy@maxxvi=\dimen350
\@easy@maxyvi=\dimen351
\@easy@boxv=\box148
\@easy@minxv=\dimen352
\@easy@minyv=\dimen353
\@easy@maxxv=\dimen354
\@easy@maxyv=\dimen355
\@easy@boxiv=\box149
\@easy@minxiv=\dimen356
\@easy@minyiv=\dimen357
\@easy@maxxiv=\dimen358
\@easy@maxyiv=\dimen359
\@easy@boxiii=\box150
\@easy@minxiii=\dimen360
\@easy@minyiii=\dimen361
\@easy@maxxiii=\dimen362
\@easy@maxyiii=\dimen363
\@easy@boxii=\box151
\@easy@minxii=\dimen364
\@easy@minyii=\dimen365
\@easy@maxxii=\dimen366
\@easy@maxyii=\dimen367
\@easy@boxi=\box152
\@easy@minxi=\dimen368
\@easy@minyi=\dimen369
\@easy@maxxi=\dimen370
\@easy@maxyi=\dimen371
\@easy@hsizexxx=\dimen372
\@easy@vsizexxx=\dimen373
\@easy@hsizexxix=\dimen374
\@easy@vsizexxix=\dimen375
\@easy@hsizexxviii=\dimen376
\@easy@vsizexxviii=\dimen377
\@easy@hsizexxvii=\dimen378
\@easy@vsizexxvii=\dimen379
\@easy@hsizexxvi=\dimen380
\@easy@vsizexxvi=\dimen381
\@easy@hsizexxv=\dimen382
\@easy@vsizexxv=\dimen383
\@easy@hsizexxiv=\dimen384
\@easy@vsizexxiv=\dimen385
\@easy@hsizexxiii=\dimen386
\@easy@vsizexxiii=\dimen387
\@easy@hsizexxii=\dimen388
\@easy@vsizexxii=\dimen389
\@easy@hsizexxi=\dimen390
\@easy@vsizexxi=\dimen391
\@easy@hsizexx=\dimen392
\@easy@vsizexx=\dimen393
\@easy@hsizexix=\dimen394
\@easy@vsizexix=\dimen395
\@easy@hsizexviii=\dimen396
\@easy@vsizexviii=\dimen397
\@easy@hsizexvii=\dimen398
\@easy@vsizexvii=\dimen399
\@easy@hsizexvi=\dimen400
\@easy@vsizexvi=\dimen401
\@easy@hsizexv=\dimen402
\@easy@vsizexv=\dimen403
\@easy@hsizexiv=\dimen404
\@easy@vsizexiv=\dimen405
\@easy@hsizexiii=\dimen406
\@easy@vsizexiii=\dimen407
\@easy@hsizexii=\dimen408
\@easy@vsizexii=\dimen409
\@easy@hsizexi=\dimen410
\@easy@vsizexi=\dimen411
\@easy@hsizex=\dimen412
\@easy@vsizex=\dimen413
\@easy@hsizeix=\dimen414
\@easy@vsizeix=\dimen415
\@easy@hsizeviii=\dimen416
\@easy@vsizeviii=\dimen417
\@easy@hsizevii=\dimen418
\@easy@vsizevii=\dimen419
\@easy@hsizevi=\dimen420
\@easy@vsizevi=\dimen421
\@easy@hsizev=\dimen422
\@easy@vsizev=\dimen423
\@easy@hsizeiv=\dimen424
\@easy@vsizeiv=\dimen425
\@easy@hsizeiii=\dimen426
\@easy@vsizeiii=\dimen427
\@easy@hsizeii=\dimen428
\@easy@vsizeii=\dimen429
\@easy@hsizei=\dimen430
\@easy@vsizei=\dimen431
\@easy@dash@len=\dimen432
\@easy@dash@sep=\dimen433
)
Package: easybmat 2001/05/31 v1.1
\@bmat@size@rule=\dimen434
\@bmat@size@dash=\dimen435
) (d:/texlive/2023/texmf-dist/tex/latex/doublestroke/dsfont.sty
Package: dsfont 1995/08/01 v0.1 Double stroke roman fonts
) (d:/texlive/2023/texmf-dist/tex/latex/fundus-calligra/calligra.sty
Package: calligra 2012/04/10 v1.9 LaTeX package calligra
) (d:/texlive/2023/texmf-dist/tex/latex/dynkin-diagrams/dynkin-diagrams.sty
Package: dynkin-diagrams 2021/04/04 Dynkin diagrams
 (d:/texlive/2023/texmf-dist/tex/generic/xstring/xstring.sty (d:/texlive/2023/texmf-dist/tex/generic/xstring/xstring.tex
\integerpart=\count377
\decimalpart=\count378
)
Package: xstring 2023/01/14 v1.85 String manipulations (CT)
) (d:/texlive/2023/texmf-dist/tex/latex/pgfopts/pgfopts.sty
Package: pgfopts 2014/07/10 v2.1a LaTeX package options with pgfkeys
\pgfopts@list@add@a@toks=\toks58
\pgfopts@list@add@b@toks=\toks59
) (d:/texlive/2023/texmf-dist/tex/generic/pgf/frontendlayer/tikz/libraries/tikzlibraryarrows.code.tex
File: tikzlibraryarrows.code.tex 2023-01-15 v3.1.10 (3.1.10)
 (d:/texlive/2023/texmf-dist/tex/generic/pgf/libraries/pgflibraryarrows.code.tex
File: pgflibraryarrows.code.tex 2023-01-15 v3.1.10 (3.1.10)
\arrowsize=\dimen436
)) (d:/texlive/2023/texmf-dist/tex/generic/pgf/frontendlayer/tikz/libraries/tikzlibrarybackgrounds.code.tex
File: tikzlibrarybackgrounds.code.tex 2023-01-15 v3.1.10 (3.1.10)
\pgf@layerbox@background=\box153
\pgf@layerboxsaved@background=\box154
) (d:/texlive/2023/texmf-dist/tex/generic/pgf/frontendlayer/tikz/libraries/tikzlibrarycalc.code.tex
File: tikzlibrarycalc.code.tex 2023-01-15 v3.1.10 (3.1.10)
) (d:/texlive/2023/texmf-dist/tex/generic/pgf/frontendlayer/tikz/libraries/tikzlibrarydecorations.markings.code.tex (d:/texlive/2023/texmf-dist/tex/generic/pgf/libraries/decorations/pgflibrarydecorations.markings.code.tex)) (d:/texlive/2023/texmf-dist/tex/generic/pgf/frontendlayer/tikz/libraries/tikzlibrarydecorations.pathreplacing.code.tex (d:/texlive/2023/texmf-dist/tex/generic/pgf/libraries/decorations/pgflibrarydecorations.pathreplacing.code.tex)) (d:/texlive/2023/texmf-dist/tex/generic/pgf/frontendlayer/tikz/libraries/tikzlibraryfit.code.tex
File: tikzlibraryfit.code.tex 2023-01-15 v3.1.10 (3.1.10)
) (d:/texlive/2023/texmf-dist/tex/generic/pgf/frontendlayer/tikz/libraries/tikzlibrarypatterns.code.tex
File: tikzlibrarypatterns.code.tex 2023-01-15 v3.1.10 (3.1.10)
 (d:/texlive/2023/texmf-dist/tex/generic/pgf/libraries/pgflibrarypatterns.code.tex
File: pgflibrarypatterns.code.tex 2023-01-15 v3.1.10 (3.1.10)
))
\pgf@layerbox@Dynkin behind=\box155
\pgf@layerboxsaved@Dynkin behind=\box156
\dynkinOverrideRoot=\count379
\dynkin@rpo=\count380
\c@dynkinRootNo=\count381
\dynkin@onesbit=\count382
\dynkin@twosbit=\count383
\dynkin@rank=\count384
\dynkin@rank@minus@one=\count385
\dynkin@rank@minus@two=\count386
\dynkin@rank@minus@three=\count387
\dynkin@nodes=\count388
\dynkin@ply=\count389
\dynkin@drpo=\count390
\dynkin@where=\count391
\dynkin@first@root@no=\count392
\dynkin@second@root@no=\count393
\dynkin@Root@Numbr=\count394
\dynkin@string@length=\count395
\dynkin@Root@Numbrpo=\count396
\defaultpgflinewidth=\skip196
\dynkin@lenny=\count397
\dynkin@Root@Number=\count398
\@dynkin@from@root=\count399
\@dynkin@to@root=\count400
\dynkin@r=\count401
\dynkin@root@no=\count402
\dynkin@order@temp=\count403
\dynkin@order@temp@b=\count404
\tempDynkinReorder=\count405
\test@bit@a=\count406
\test@bit@b=\count407
\replaceNthCounter=\count408
\replacementN=\count409
\dynkin@where=\count410
\dynkin@nodes@minus@one=\count411
\pipebmo=\count412
\pipefpo=\count413
\pipe@end=\count414
\start@pipe=\count415
\dynkin@h=\count416
\dynkin@hpo=\count417
\dynkin@afterfold=\count418
\dynkin@nrts=\count419
\dynkin@countdown=\count420
\dynkin@bmo=\count421
\dynkin@bmo=\count422
\dynkin@height@minus@one=\count423
\dynkin@nodes@minus@one=\count424
) (d:/texlive/2023/texmf-dist/tex/latex/base/fontenc.sty
Package: fontenc 2021/04/29 v2.0v Standard LaTeX package
LaTeX Font Info:    Trying to load font information for T1+lmr on input line 112.
 (d:/texlive/2023/texmf-dist/tex/latex/lm/t1lmr.fd
File: t1lmr.fd 2015/05/01 v1.6.1 Font defs for Latin Modern
)) (d:/texlive/2023/texmf-dist/tex/latex/psnfss/mathpazo.sty
Package: mathpazo 2020/03/25 PSNFSS-v9.3 Palatino w/ Pazo Math (D.Puga, WaS) 
\symupright=\mathgroup12
) (d:/texlive/2023/texmf-dist/tex/latex/bbold/bbold.sty
Package: bbold 1994/04/06 Bbold symbol package
LaTeX Font Info:    Redeclaring math alphabet \mathbb on input line 42.
) (d:/texlive/2023/texmf-dist/tex/latex/l3experimental/l3draw/l3draw.sty
Package: l3draw 2023-01-24 L3 Experimental core drawing support
\l__draw_tmp_box=\box157
\g__draw_path_lastx_dim=\dimen437
\g__draw_path_lasty_dim=\dimen438
\g__draw_path_xmax_dim=\dimen439
\g__draw_path_xmin_dim=\dimen440
\g__draw_path_ymax_dim=\dimen441
\g__draw_path_ymin_dim=\dimen442
\l__draw_corner_xarc_dim=\dimen443
\l__draw_corner_yarc_dim=\dimen444
\l__draw_path_lastx_dim=\dimen445
\l__draw_path_lasty_dim=\dimen446
\l__draw_path_xmax_dim=\dimen447
\l__draw_path_xmin_dim=\dimen448
\l__draw_path_ymax_dim=\dimen449
\l__draw_path_ymin_dim=\dimen450
\l__draw_softpath_lastx_dim=\dimen451
\l__draw_softpath_lasty_dim=\dimen452
\l__draw_xvec_x_dim=\dimen453
\l__draw_xvec_y_dim=\dimen454
\l__draw_yvec_x_dim=\dimen455
\l__draw_yvec_y_dim=\dimen456
\l__draw_zvec_x_dim=\dimen457
\l__draw_zvec_y_dim=\dimen458
\g__draw_xmax_dim=\dimen459
\g__draw_xmin_dim=\dimen460
\g__draw_ymax_dim=\dimen461
\g__draw_ymin_dim=\dimen462
\l__draw_main_box=\box158
\l__draw_layer_main_box=\box159
\g__draw_id_int=\count425
\l__draw_baseline_dim=\dimen463
\l__draw_linewidth_dim=\dimen464
\l__draw_xmax_dim=\dimen465
\l__draw_xmin_dim=\dimen466
\l__draw_ymax_dim=\dimen467
\l__draw_ymin_dim=\dimen468
\g__draw_softpath_lastx_dim=\dimen469
\g__draw_softpath_lasty_dim=\dimen470
\l__draw_softpath_corneri_dim=\dimen471
\l__draw_softpath_cornerii_dim=\dimen472
\g__draw_linewidth_dim=\dimen473
\l_draw_default_linewidth_dim=\dimen474
\l__draw_xshift_dim=\dimen475
\l__draw_yshift_dim=\dimen476
) (d:/texlive/2023/texmf-dist/tex/latex/accents/accents.sty
Package: accents 2006/05/12 v1.4 Math Accent Tools
\cc@skew=\dimen477
\cc@wd=\dimen478
\cc@code=\count426
\cc@group=\count427
\cc@skewchar=\count428
) (d:/texlive/2023/texmf-dist/tex/latex/scalerel/scalerel.sty
Package: scalerel 2016/12/29 v1.8 Routines for constrained scaling and stretching of objects, relative to a reference object or in absolute terms
\thesrwidth=\skip197
\thesrheight=\skip198
\srblobheight=\skip199
\srblobdepth=\skip256
\mnxsrwidth=\skip257
\LMex=\skip258
\LMpt=\skip259
) (d:/texlive/2023/texmf-dist/tex/generic/ulem/ulem.sty
\UL@box=\box160
\UL@hyphenbox=\box161
\UL@skip=\skip260
\UL@hook=\toks60
\UL@height=\dimen479
\UL@pe=\count429
\UL@pixel=\dimen480
\ULC@box=\box162
Package: ulem 2019/11/18
\ULdepth=\dimen481
)
LaTeX Font Info:    Redeclaring math alphabet \mathbb on input line 67.
LaTeX Font Info:    Overwriting math alphabet `\mathbb' in version `normal'
(Font)                  U/bbold/m/n --> U/msb/m/n on input line 67.
LaTeX Font Info:    Overwriting math alphabet `\mathbb' in version `bold'
(Font)                  U/bbold/m/n --> U/msb/m/n on input line 67.
LaTeX Font Info:    Redeclaring math alphabet \mathscr on input line 72.
 (d:/texlive/2023/texmf-dist/tex/generic/pgf/frontendlayer/tikz/libraries/tikzlibrarybending.code.tex
File: tikzlibrarybending.code.tex 2023-01-15 v3.1.10 (3.1.10)
 (d:/texlive/2023/texmf-dist/tex/generic/pgf/modules/pgfmodulebending.code.tex
File: pgfmodulebending.code.tex 2023-01-15 v3.1.10 (3.1.10)
 (d:/texlive/2023/texmf-dist/tex/generic/pgf/modules/pgfmodulenonlineartransformations.code.tex
File: pgfmodulenonlineartransformations.code.tex 2023-01-15 v3.1.10 (3.1.10)
\pgftransformnonlinearflatness=\dimen482
) (d:/texlive/2023/texmf-dist/tex/generic/pgf/libraries/pgflibrarycurvilinear.code.tex
File: pgflibrarycurvilinear.code.tex 2023-01-15 v3.1.10 (3.1.10)
\pgf@curvilinear@time@a=\dimen483
\pgf@curvilinear@length@a=\dimen484
\pgf@curvilinear@length@b=\dimen485
\pgf@curvilinear@length@c=\dimen486
\pgf@curvilinear@length@d=\dimen487
)
\pgf@arrows@the@rigidity=\dimen488
))
\symmathx=\mathgroup13
\@brx=\box163
) (d:/texlive/2023/texmf-dist/tex/latex/adjustbox/adjustbox.sty
Package: adjustbox 2022/10/17 v1.3a Adjusting TeX boxes (trim, clip, ...)
 (d:/texlive/2023/texmf-dist/tex/latex/adjustbox/adjcalc.sty
Package: adjcalc 2012/05/16 v1.1 Provides advanced setlength with multiple back-ends (calc, etex, pgfmath)
) (d:/texlive/2023/texmf-dist/tex/latex/adjustbox/trimclip.sty
Package: trimclip 2020/08/19 v1.2 Trim and clip general TeX material
 (d:/texlive/2023/texmf-dist/tex/latex/collectbox/collectbox.sty
Package: collectbox 2022/10/17 v0.4c Collect macro arguments as boxes
\collectedbox=\box164
)
\tc@llx=\dimen489
\tc@lly=\dimen490
\tc@urx=\dimen491
\tc@ury=\dimen492
Package trimclip Info: Using driver 'tc-xetex.def'.
 (d:/texlive/2023/texmf-dist/tex/latex/adjustbox/tc-xetex.def
File: tc-xetex.def 2019/01/04 v2.2 Clipping driver for xetex
))
\adjbox@Width=\dimen493
\adjbox@Height=\dimen494
\adjbox@Depth=\dimen495
\adjbox@Totalheight=\dimen496
\adjbox@pwidth=\dimen497
\adjbox@pheight=\dimen498
\adjbox@pdepth=\dimen499
\adjbox@ptotalheight=\dimen500
 (d:/texlive/2023/texmf-dist/tex/latex/ifoddpage/ifoddpage.sty
Package: ifoddpage 2022/10/18 v1.2 Conditionals for odd/even page detection
\c@checkoddpage=\count430
) (d:/texlive/2023/texmf-dist/tex/latex/varwidth/varwidth.sty
Package: varwidth 2009/03/30 ver 0.92;  Variable-width minipages
\@vwid@box=\box165
\sift@deathcycles=\count431
\@vwid@loff=\dimen501
\@vwid@roff=\dimen502
)) (d:/texlive/2023/texmf-dist/tex/latex/tools/indentfirst.sty
Package: indentfirst 1995/11/23 v1.03 Indent first paragraph (DPC)
)
\c@theorem=\count432
\c@exercise=\count433
LaTeX Font Info:    Trying to load font information for T1+ppl on input line 26.
 (d:/texlive/2023/texmf-dist/tex/latex/psnfss/t1ppl.fd
File: t1ppl.fd 2001/06/04 font definitions for T1/ppl.
) (./Abstract algebra.aux (./chapter/Lie-alg-grp.aux))
\openout1 = `"Abstract algebra.aux"'.

LaTeX Font Info:    Checking defaults for OML/cmm/m/it on input line 26.
LaTeX Font Info:    ... okay on input line 26.
LaTeX Font Info:    Checking defaults for OMS/cmsy/m/n on input line 26.
LaTeX Font Info:    ... okay on input line 26.
LaTeX Font Info:    Checking defaults for OT1/cmr/m/n on input line 26.
LaTeX Font Info:    ... okay on input line 26.
LaTeX Font Info:    Checking defaults for T1/cmr/m/n on input line 26.
LaTeX Font Info:    ... okay on input line 26.
LaTeX Font Info:    Checking defaults for TS1/cmr/m/n on input line 26.
LaTeX Font Info:    Trying to load font information for TS1+cmr on input line 26.
 (d:/texlive/2023/texmf-dist/tex/latex/base/ts1cmr.fd
File: ts1cmr.fd 2022/07/10 v2.5l Standard LaTeX font definitions
)
LaTeX Font Info:    ... okay on input line 26.
LaTeX Font Info:    Checking defaults for TU/lmr/m/n on input line 26.
LaTeX Font Info:    ... okay on input line 26.
LaTeX Font Info:    Checking defaults for OMX/cmex/m/n on input line 26.
LaTeX Font Info:    ... okay on input line 26.
LaTeX Font Info:    Checking defaults for U/mathx/m/n on input line 26.
LaTeX Font Info:    ... okay on input line 26.
LaTeX Font Info:    Checking defaults for PD1/pdf/m/n on input line 26.
LaTeX Font Info:    ... okay on input line 26.
LaTeX Font Info:    Checking defaults for PU/pdf/m/n on input line 26.
LaTeX Font Info:    ... okay on input line 26.
LaTeX Font Info:    Checking defaults for LGR/cmr/m/n on input line 26.
LaTeX Font Info:    Trying to load font information for LGR+cmr on input line 26.
 (d:/texlive/2023/texmf-dist/tex/latex/cbfonts-fd/lgrcmr.fd
File: lgrcmr.fd 2017/07/29 v1.2 Greek European Computer Regular
)
LaTeX Font Info:    ... okay on input line 26.
Package hyperref Info: Link coloring ON on input line 26.
 (./Abstract algebra.out) (./Abstract algebra.out)
\@outlinefile=\write4
\openout4 = `"Abstract algebra.out"'.


*geometry* driver: auto-detecting
*geometry* detected driver: xetex
*geometry* verbose mode - [ preamble ] result:
* driver: xetex
* paper: a4paper
* layout: <same size as paper>
* layoutoffset:(h,v)=(0.0pt,0.0pt)
* hratio: 1:1
* modes: twoside 
* h-part:(L,W,R)=(72.26999pt, 452.9679pt, 72.26999pt)
* v-part:(T,H,B)=(72.26999pt, 700.50687pt, 72.26999pt)
* \paperwidth=597.50787pt
* \paperheight=845.04684pt
* \textwidth=452.9679pt
* \textheight=700.50687pt
* \oddsidemargin=0.0pt
* \evensidemargin=0.0pt
* \topmargin=-30.06749pt
* \headheight=15.0pt
* \headsep=18.06749pt
* \topskip=10.0pt
* \footskip=25.29494pt
* \marginparwidth=115.0pt
* \marginparsep=7.0pt
* \columnsep=10.0pt
* \skip\footins=9.0pt plus 4.0pt minus 2.0pt
* \hoffset=0.0pt
* \voffset=0.0pt
* \mag=1000
* \@twocolumnfalse
* \@twosidetrue
* \@mparswitchtrue
* \@reversemarginfalse
* (1in=72.27pt=25.4mm, 1cm=28.453pt)

LaTeX Info: Redefining \microtypecontext on input line 26.
Package microtype Info: Applying patch `item' on input line 26.
Package microtype Info: Applying patch `toc' on input line 26.
Package microtype Info: Applying patch `eqnum' on input line 26.

Package microtype Warning: Unable to apply patch `footnote' on input line 26.

Package microtype Info: Applying patch `verbatim' on input line 26.
Package microtype Info: Character protrusion enabled (level 2).
Package microtype Info: Using default protrusion set `alltext'.
Package microtype Info: No adjustment of tracking.
Package microtype Info: No adjustment of spacing.
Package microtype Info: No adjustment of kerning.
(d:/texlive/2023/texmf-dist/tex/latex/microtype/mt-ppl.cfg
File: mt-ppl.cfg 2005/11/16 v1.6 microtype config. file: Palatino (RS)
)
LaTeX Font Info:    Trying to load font information for T1+qzc on input line 28.
 (d:/texlive/2023/texmf-dist/tex/latex/tex-gyre/t1qzc.fd
File: t1qzc.fd 2009/09/25 v1.2 font definition file for T1/qzc
)
Package microtype Info: Loading generic protrusion settings for font family
(microtype)             `qzc' (encoding: T1).
(microtype)             For optimal results, create family-specific settings.
(microtype)             See the microtype manual for details.
LaTeX Font Info:    Trying to load font information for OT1+ppl on input line 32.
 (d:/texlive/2023/texmf-dist/tex/latex/psnfss/ot1ppl.fd
File: ot1ppl.fd 2001/06/04 font definitions for OT1/ppl.
)
LaTeX Font Info:    Trying to load font information for OML+zplm on input line 32.
 (d:/texlive/2023/texmf-dist/tex/latex/psnfss/omlzplm.fd
File: omlzplm.fd 2002/09/08 Fontinst v1.914 font definitions for OML/zplm.
)
LaTeX Font Info:    Trying to load font information for OMS+zplm on input line 32.
 (d:/texlive/2023/texmf-dist/tex/latex/psnfss/omszplm.fd
File: omszplm.fd 2002/09/08 Fontinst v1.914 font definitions for OMS/zplm.
)
LaTeX Font Info:    Trying to load font information for OMX+zplm on input line 32.
 (d:/texlive/2023/texmf-dist/tex/latex/psnfss/omxzplm.fd
File: omxzplm.fd 2002/09/08 Fontinst v1.914 font definitions for OMX/zplm.
)
LaTeX Font Info:    Font shape `U/msa/m/n' will be
(Font)              scaled to size 10.42007pt on input line 32.
 (d:/texlive/2023/texmf-dist/tex/latex/microtype/mt-msa.cfg
File: mt-msa.cfg 2006/02/04 v1.1 microtype config. file: AMS symbols (a) (RS)
)
LaTeX Font Info:    Font shape `U/msa/m/n' will be
(Font)              scaled to size 7.91925pt on input line 32.
LaTeX Font Info:    Font shape `U/msa/m/n' will be
(Font)              scaled to size 6.25204pt on input line 32.
LaTeX Font Info:    Font shape `U/msb/m/n' will be
(Font)              scaled to size 10.42007pt on input line 32.
 (d:/texlive/2023/texmf-dist/tex/latex/microtype/mt-msb.cfg
File: mt-msb.cfg 2005/06/01 v1.0 microtype config. file: AMS symbols (b) (RS)
)
LaTeX Font Info:    Font shape `U/msb/m/n' will be
(Font)              scaled to size 7.91925pt on input line 32.
LaTeX Font Info:    Font shape `U/msb/m/n' will be
(Font)              scaled to size 6.25204pt on input line 32.
 (d:/texlive/2023/texmf-dist/tex/latex/microtype/mt-cmr.cfg
File: mt-cmr.cfg 2013/05/19 v2.2 microtype config. file: Computer Modern Roman (RS)
) (d:/texlive/2023/texmf-dist/tex/latex/microtype/mt-eur.cfg
File: mt-eur.cfg 2006/07/31 v1.1 microtype config. file: AMS Euler Roman (RS)
)
LaTeX Font Info:    Trying to load font information for U+rsfs on input line 32.
 (d:/texlive/2023/texmf-dist/tex/latex/jknapltx/ursfs.fd
File: ursfs.fd 1998/03/24 rsfs font definition file (jk)
)
LaTeX Font Info:    Trying to load font information for U+stmry on input line 32.
 (d:/texlive/2023/texmf-dist/tex/latex/stmaryrd/Ustmry.fd)
LaTeX Font Info:    Trying to load font information for OT1+zplm on input line 32.
 (d:/texlive/2023/texmf-dist/tex/latex/psnfss/ot1zplm.fd
File: ot1zplm.fd 2002/09/08 Fontinst v1.914 font definitions for OT1/zplm.
)
Package microtype Info: Loading generic protrusion settings for font family
(microtype)             `zplm' (encoding: OT1).
(microtype)             For optimal results, create family-specific settings.
(microtype)             See the microtype manual for details.
File: pictures/blowup_A2.png Graphic file (type bmp)
<pictures/blowup_A2.png>
 [1


] (./Abstract algebra.toc (d:/texlive/2023/texmf-dist/tex/latex/microtype/mt-euf.cfg
File: mt-euf.cfg 2006/07/03 v1.1 microtype config. file: AMS Euler Fraktur (RS)
) [2]

LaTeX Font Warning: Font shape `U/stmry/b/n' undefined
(Font)              using `U/stmry/m/n' instead on input line 51.

[3] [4])
\tf@toc=\write5
\openout5 = `"Abstract algebra.toc"'.

 [5]
\openout2 = `chapter/Lie-alg-grp.aux'.

 (./chapter/Lie-alg-grp.tex [6


]
Chapter 1.
LaTeX Font Info:    Trying to load font information for TS1+ppl on input line 16.
(d:/texlive/2023/texmf-dist/tex/latex/psnfss/ts1ppl.fd
File: ts1ppl.fd 2001/06/04 font definitions for TS1/ppl.
) [7]
Overfull \hbox (7.78499pt too wide) in paragraph at lines 53--55
\T1/ppl/m/n/10 where $\OML/zplm/m/it/10 A[] \OMS/zplm/m/n/10 2 []\OT1/zplm/m/n/10 (\OML/zplm/m/it/10 M[]\OT1/ppl/m/n/10 , \OML/zplm/m/it/10 M[]\OT1/zplm/m/n/10 )$ \T1/ppl/m/n/10 is uniquely de-ter-mined by the re-quire-ment that the im-age of $\OML/zplm/m/it/10 v \OT1/zplm/m/n/10 = (\OML/zplm/m/it/10 v[]\OT1/ppl/m/n/10 , [] , \OML/zplm/m/it/10 v[]\OT1/zplm/m/n/10 ) \OMS/zplm/m/n/10 2
 []

[8] [9] [10] [11] [12] [13] [14] [15] [16] [17]

LaTeX Warning: Reference `filtration complete ring gr(A) Noe imply A Noe' on page 18 undefined on input line 438.

[18] [19]

LaTeX Warning: Reference `filtration gr(A) integral then B/n integral' on page 20 undefined on input line 563.

[20] [21] [22] [23]
LaTeX Font Info:    Font shape `U/msa/m/n' will be
(Font)              scaled to size 12.50409pt on input line 677.
LaTeX Font Info:    Font shape `U/msa/m/n' will be
(Font)              scaled to size 9.37807pt on input line 677.
LaTeX Font Info:    Font shape `U/msa/m/n' will be
(Font)              scaled to size 7.29405pt on input line 677.
LaTeX Font Info:    Font shape `U/msb/m/n' will be
(Font)              scaled to size 12.50409pt on input line 677.
LaTeX Font Info:    Font shape `U/msb/m/n' will be
(Font)              scaled to size 9.37807pt on input line 677.
LaTeX Font Info:    Font shape `U/msb/m/n' will be
(Font)              scaled to size 7.29405pt on input line 677.
 [24] [25] [26] [27] [28] [29] [30] [31] [32] [33]

LaTeX Warning: Reference `*' on page 1 undefined on input line 1143.


LaTeX Warning: Reference `*' on page 1 undefined on input line 1144.

[34] [35] [36] [37] [38] [39] [40] [41] [42] [43] [44] [45]

LaTeX Warning: Reference `*' on page 1 undefined on input line 1634.


LaTeX Warning: Reference `*' on page 1 undefined on input line 1634.


LaTeX Warning: Reference `*' on page 1 undefined on input line 1634.


LaTeX Warning: Reference `*' on page 1 undefined on input line 1635.


LaTeX Warning: Reference `*' on page 1 undefined on input line 1636.


LaTeX Warning: Reference `' on page 46 undefined on input line 1636.


Overfull \hbox (9.59457pt too wide) in paragraph at lines 1648--1649
[]\T1/ppl/m/n/10 The $\U/euf/m/n/10 g$\T1/ppl/m/n/10 -module $[][]\OT1/zplm/m/n/10 (\OML/zplm/m/it/10 M\OT1/ppl/m/n/10 , \OML/zplm/m/it/10 N\OT1/zplm/m/n/10 )$ \T1/ppl/m/n/10 is canon-i-cally iden-ti-fied with the $\U/euf/m/n/10 g$\T1/ppl/m/n/10 -module $\OML/zplm/m/it/10 M[] \OMS/zplm/m/n/10 
[] \OML/zplm/m/it/10 N$ \T1/ppl/m/n/10 ([][]Propo-si-tion 1.3.7[][]),
 []

[46] [47] [48] [49] [50] [51] [52] [53] [54]
Chapter 2.

LaTeX Warning: Reference `cogebra counit image 1 mod relation' on page 1 undefined on input line 1915.

[55

]

LaTeX Warning: Reference `cogebra coassociativity and dual' on page 1 undefined on input line 1967.


LaTeX Warning: Reference `cogebra cocommutativity and opposite' on page 1 undefined on input line 1967.

[56]
LaTeX Font Info:    Font shape `U/msa/m/n' will be
(Font)              scaled to size 8.33606pt on input line 2017.
LaTeX Font Info:    Font shape `U/msb/m/n' will be
(Font)              scaled to size 8.33606pt on input line 2017.
 [57] [58]

LaTeX Warning: Reference `*' on page 1 undefined on input line 2085.

[59] [60] [61]
LaTeX Font Info:    Font shape `U/msa/m/n' will be
(Font)              scaled to size 15.0049pt on input line 2214.
LaTeX Font Info:    Font shape `U/msb/m/n' will be
(Font)              scaled to size 15.0049pt on input line 2214.
 [62] [63]
LaTeX Font Info:    Font shape `U/BOONDOX-cal/m/n' will be
(Font)              scaled to size 10.0pt on input line 2308.
LaTeX Font Info:    Font shape `U/BOONDOX-cal/m/n' will be
(Font)              scaled to size 7.6pt on input line 2308.
LaTeX Font Info:    Font shape `U/BOONDOX-cal/m/n' will be
(Font)              scaled to size 6.0pt on input line 2308.
 [64]
LaTeX Font Info:    Font shape `U/BOONDOX-cal/m/n' will be
(Font)              scaled to size 8.0pt on input line 2326.
LaTeX Font Info:    Font shape `U/BOONDOX-cal/m/n' will be
(Font)              scaled to size 5.0pt on input line 2326.


LaTeX Warning: Reference `graded ring ideal generated by homogenous' on page 1 undefined on input line 2341.

[65] [66]
Overfull \hbox (1.37268pt too wide) in paragraph at lines 2404--2405
[]\T1/ppl/m/it/10 The mod-ule $\OML/zplm/m/it/10 L[]\OT1/zplm/m/n/10 (\OML/zplm/m/it/10 X\OT1/zplm/m/n/10 )$ \T1/ppl/m/it/10 is gen-er-ated by the el-e-ments $\OT1/zplm/m/n/10 [\OML/zplm/m/it/10 x[]\OT1/ppl/m/n/10 , \OT1/zplm/m/n/10 [\OML/zplm/m/it/10 x[]\OT1/ppl/m/n/10 , [] , \OT1/zplm/m/n/10 [\OML/zplm/m/it/10 x[]\OT1/ppl/m/n/10 , \OML/zplm/m/it/10 x[]\OT1/zplm/m/n/10 ] [] ]]$\T1/ppl/m/it/10 , where $\OML/zplm/m/it/10 x[]\OT1/ppl/m/n/10 , [] , \OML/zplm/m/it/10 x[]$ \T1/ppl/m/it/10 runs through
 []

[67] [68] [69] [70]
Missing character: There is no  ("2013) in font pplr8t!
[71]
LaTeX Font Info:    Font shape `U/BOONDOX-cal/m/n' will be
(Font)              scaled to size 12.0pt on input line 2600.
LaTeX Font Info:    Font shape `U/BOONDOX-cal/m/n' will be
(Font)              scaled to size 9.0pt on input line 2600.
LaTeX Font Info:    Font shape `U/BOONDOX-cal/m/n' will be
(Font)              scaled to size 7.0pt on input line 2600.
 [72] [73] [74]
Overfull \hbox (13.54897pt too wide) in paragraph at lines 2690--2691
[]\T1/ppl/b/n/10 Lemma 2.3.11. []\T1/ppl/m/it/10 Let $\OML/zplm/m/it/10 n > \OT1/ppl/m/n/10 0$ \T1/ppl/m/it/10 be an in-te-ger, $\OML/zplm/m/it/10 T[]\OT1/ppl/m/n/10 , [] , \OML/zplm/m/it/10 T[]$ \T1/ppl/m/it/10 in-de-ter-mi-nates and $\OML/zplm/m/it/10 u[]\OT1/ppl/m/n/10 , [] , \OML/zplm/m/it/10 u[]$ \T1/ppl/m/it/10 el-e-ments of $\U/msb/m/n/10 Z$\T1/ppl/m/it/10 . Let $\OT1/zplm/m/n/10 (\OML/zplm/m/it/10 c\OT1/zplm/m/n/10 (\OML/zplm/m/it/10 ^^K\OT1/zplm/m/n/10 ))[]$
 []

[75]
Overfull \hbox (26.61542pt too wide) in paragraph at lines 2756--2758
\T1/ppl/m/n/10 where the in-dex $\OML/cmm/b/it/10 m$ \T1/ppl/m/n/10 runs through $\U/msb/m/n/10 N[]$\T1/ppl/m/n/10 , form a ba-sis for $\OML/zplm/m/it/10 A\OT1/zplm/m/n/10 (\OML/zplm/m/it/10 X\OT1/zplm/m/n/10 )$\T1/ppl/m/n/10 . Each $\OML/zplm/m/it/10 y[]$ \T1/ppl/m/n/10 is mul-ti-de-gree $\OML/zplm/m/it/10 u\OT1/zplm/m/n/10 (\OML/cmm/b/it/10 m\OT1/zplm/m/n/10 ) := [][] \OML/cmm/b/it/10 m\OT1/zplm/m/n/10 (\OML/zplm/m/it/10 ^^K\OT1/ppl/m/n/10 , \OML/zplm/m/it/10 j\OT1/zplm/m/n/10 )\OML/zplm/m/it/10 ^^K$\T1/ppl/m/n/10 .
 []

[76] [77] [78] [79] [80] [81] [82]

LaTeX Warning: Reference `*' on page 1 undefined on input line 3006.

[83] [84] [85] [86] [87] [88] [89] [90] [91]

LaTeX Warning: Reference `*' on page 1 undefined on input line 3378.

[92] [93] [94] [95] [96]
Chapter 3.
[97

] [98] [99] [100] [101] [102] [103] [104] [105] [106] [107] [108]
Overfull \hbox (6.53531pt too wide) in paragraph at lines 4144--4145
[]\T1/ppl/b/n/10 Corollary 3.2.7. []\T1/ppl/m/it/10 Let $\OT1/zplm/m/n/10 (\OML/zplm/m/it/10 G\OT1/ppl/m/n/10 , \OML/zplm/m/it/10 B\OT1/ppl/m/n/10 , \OML/zplm/m/it/10 N\OT1/ppl/m/n/10 , \OML/zplm/m/it/10 S\OT1/zplm/m/n/10 )$ \T1/ppl/m/it/10 be a Tits sys-tem and $\OT1/zplm/m/n/10 (\OML/zplm/m/it/10 W\OT1/ppl/m/n/10 , \OML/zplm/m/it/10 S\OT1/zplm/m/n/10 )$ \T1/ppl/m/it/10 be the cor-re-spond-ing Cox-eter sys-tem. Let $\OML/zplm/m/it/10 w[]\OT1/ppl/m/n/10 , [] , \OML/zplm/m/it/10 w[]$
 []

[109] [110] [111] [112

]
Chapter 4.
[113] [114] [115] [116] [117] [118] [119] [120] [121] [122] [123] [124] [125] [126] [127] [128] [129] [130] [131] [132]
Overfull \hbox (3.2192pt too wide) in paragraph at lines 5049--5051
\T1/ppl/m/n/10 which shows that $\OML/zplm/m/it/10 ^^L[]$ \T1/ppl/m/n/10 is pos-i-tive on $\OML/zplm/m/it/10 E[]$\T1/ppl/m/n/10 , and that it is non-degenerate there if and only if $[]\OT1/zplm/m/n/10 (\OML/zplm/m/it/10 ^^Y\OT1/zplm/m/n/10 /\OML/zplm/m/it/10 m\OT1/zplm/m/n/10 (\OML/zplm/m/it/10 s\OT1/ppl/m/n/10 , []\OML/zplm/m/it/10 s\OT1/zplm/m/n/10 )) \OMS/zplm/m/n/10 6\OT1/zplm/m/n/10 =
 []

[133] [134]

LaTeX Warning: Reference `' on page 135 undefined on input line 5116.

[135] [136] [137] [138] [139]
LaTeX Font Info:    Trying to load font information for U+bbold on input line 5286.
 (d:/texlive/2023/texmf-dist/tex/latex/bbold/Ubbold.fd)
Overfull \hbox (0.58307pt too wide) in paragraph at lines 5299--5300
[]\T1/ppl/b/n/10 Proposition 4.5.2. []\T1/ppl/m/it/10 Let $\OML/zplm/m/it/10 S \OT1/zplm/m/n/10 = [][] \OML/zplm/m/it/10 S[]$ \T1/ppl/m/it/10 be a com-mu-ta-tive graded $\U/bbold/m/n/10 k$\T1/ppl/m/it/10 -algebra with a sys-tem of gen-er-a-tors $\OT1/zplm/m/n/10 (\OML/zplm/m/it/10 x[]\OT1/ppl/m/n/10 , [] , \OML/zplm/m/it/10 x[]\OT1/zplm/m/n/10 )$
 []

[140] [141]

LaTeX Warning: Reference `algebra action finiteness' on page 1 undefined on input line 5345.


LaTeX Warning: Reference `algebra action invariant and fraction field' on page 142 undefined on input line 5345.


LaTeX Warning: Reference `*' on page 1 undefined on input line 5345.


LaTeX Warning: Reference `algebra action and localization' on page 1 undefined on input line 5345.


LaTeX Warning: Reference `graded ring module M/A_+M free imply M free' on page 1 undefined on input line 5354.

[142]

LaTeX Warning: Reference `graded ring module M/A_+M free imply M free' on page 1 undefined on input line 5383.


LaTeX Warning: Reference `graded ring module M/A_+M free imply M free' on page 1 undefined on input line 5394.


LaTeX Warning: Reference `graded ring generating set iff' on page 1 undefined on input line 5395.

[143]
Missing character: There is no  ("2014) in font pplr8t!
[144]

LaTeX Warning: Reference `*' on page 1 undefined on input line 5472.


Package amsmath Warning: Foreign command \atop;
(amsmath)                \frac or \genfrac should be used instead
(amsmath)                 on input line 5477.

[145] [146]
Overfull \hbox (3.54405pt too wide) in paragraph at lines 5524--5525
[]\T1/ppl/m/it/10 Identify $\OML/zplm/m/it/10 S$ \T1/ppl/m/it/10 with the poly-no-mial al-ge-bra $\U/bbold/m/n/10 k\OT1/zplm/m/n/10 [\OML/zplm/m/it/10 x[]\OT1/ppl/m/n/10 , [] , \OML/zplm/m/it/10 x[]\OT1/zplm/m/n/10 ]$ \T1/ppl/m/it/10 by choos-ing a ba-sis $\OT1/zplm/m/n/10 (\OML/zplm/m/it/10 x[]\OT1/ppl/m/n/10 , [] , \OML/zplm/m/it/10 x[]\OT1/zplm/m/n/10 )$ \T1/ppl/m/it/10 of $\OML/zplm/m/it/10 V$\T1/ppl/m/it/10 , and let $\OT1/zplm/m/n/10 (\OML/zplm/m/it/10 ^^K[]\OT1/ppl/m/n/10 , [] , \OML/zplm/m/it/10 ^^K[]\OT1/zplm/m/n/10 )$
 []

[147]

LaTeX Warning: Reference `algebra finite group residue field Galois if order of inertial' on page 148 undefined on input line 5552.


LaTeX Warning: Reference `*' on page 1 undefined on input line 5563.


LaTeX Warning: Reference `*' on page 1 undefined on input line 5563.

[148] [149] [150]
Missing character: There is no  ("2014) in font pplr8t!
[151] [152] [153] [154

]
Chapter 5.
[155] [156] [157] [158] [159]

LaTeX Warning: `h' float specifier changed to `ht'.

[160] [161] [162] [163] [164] [165] [166] [167] [168] [169] [170] [171] [172] [173] [174] [175] [176] [177] [178] [179] [180] [181] [182] [183] [184] [185] [186]
Overfull \hbox (0.3458pt too wide) in paragraph at lines 7254--7255
[]\T1/ppl/b/n/10 Corollary 5.2.9. []\T1/ppl/m/it/10 The $\OT1/zplm/m/n/10 ([]\OML/zplm/m/it/10 $[]\OT1/zplm/m/n/10 )[]$ \T1/ppl/m/it/10 form a sys-tem of rep-re-sen-ta-tives in $\OT1/zplm/m/n/10 ^^C([]^^H)$ \T1/ppl/m/it/10 of the non-zero el-e-ments of $\OT1/zplm/m/n/10 ^^C([]^^H)/^^C[]([]^^H)$\T1/ppl/m/it/10 . 
 []

[187] [188] [189] [190] [191] [192] [193] [194]
Overfull \vbox (43.4292pt too high) has occurred while \output is active []

 [195] [196]
Overfull \vbox (27.48764pt too high) has occurred while \output is active []

 [197] [198] [199] [200]
Chapter 6.
[201

] [202] [203]
Overfull \hbox (2.25636pt too wide) in paragraph at lines 8000--8000
[]\T1/ppl/m/n/10 If $\OML/zplm/m/it/10 V \OT1/zplm/m/n/10 = [][] \OML/zplm/m/it/10 V[]\OT1/zplm/m/n/10 (\OML/zplm/m/it/10 S\OT1/zplm/m/n/10 )$\T1/ppl/m/n/10 , then for each $\OML/zplm/m/it/10 s \OMS/zplm/m/n/10 2 \OML/zplm/m/it/10 S$ \T1/ppl/m/n/10 we have $\OML/zplm/m/it/10 V \OT1/zplm/m/n/10 = [][] \OML/zplm/m/it/10 V[]\OT1/zplm/m/n/10 (\OML/zplm/m/it/10 s\OT1/zplm/m/n/10 )$\T1/ppl/m/n/10 , so it fol-lows from [][]Lemma 6.1.4[][]
 []

[204]
Overfull \hbox (4.96336pt too wide) in paragraph at lines 8044--8044
[]\T1/ppl/m/n/10 In view of [][]Propo-si-tion 6.1.1[][], we can as-sume that $\U/msb/m/n/10 K$ \T1/ppl/m/n/10 is al-ge-braically closed, so that $\OML/zplm/m/it/10 V \OT1/zplm/m/n/10 = [][] \OML/zplm/m/it/10 V[]\OT1/zplm/m/n/10 (\OML/zplm/m/it/10 x\OT1/zplm/m/n/10 )$\T1/ppl/m/n/10 .
 []

[205] [206] [207] [208] [209] [210]

LaTeX Warning: Citation `Bourbaki_LieI' on page 211 undefined on input line 8278.

[211] [212] [213] [214]

LaTeX Warning: Reference `*' on page 1 undefined on input line 8455.


LaTeX Warning: Reference `*' on page 1 undefined on input line 8455.

[215]
Overfull \hbox (10.88239pt too wide) in paragraph at lines 8519--8520
[]\T1/ppl/m/n/10 To prove (a), we can as-sume that $\U/msb/m/n/10 K$ \T1/ppl/m/n/10 is al-ge-braically closed ([][]Propo-si-tion 6.1.29[][] and [][]Propo-si-tion 6.1.40[][]),
 []


Overfull \hbox (8.94786pt too wide) in paragraph at lines 8519--8520
\T1/ppl/m/n/10 in which case it fol-lows from the Con-ju-gacy The-o-rem. As-ser-tion (b) fol-lows from (a) and [][]The-o-rem 6.1.45[][](a)
 []

[216] [217] [218] [219] [220] [221] [222] [223] [224] [225] [226]
Overfull \hbox (1.56467pt too wide) in paragraph at lines 9008--9010
\T1/ppl/m/n/10 The largest vec-tor sub-space of $\OML/zplm/m/it/10 V$ \T1/ppl/m/n/10 sta-ble un-der $[]\OT1/zplm/m/n/10 (\U/euf/m/n/10 h\OT1/zplm/m/n/10 )$ \T1/ppl/m/n/10 is thus $\OT1/zplm/m/n/10 (\OML/zplm/m/it/10 V \OMS/zplm/m/n/10 \ \U/euf/m/n/10 h\OT1/zplm/m/n/10 ) + [][](\OML/zplm/m/it/10 V \OMS/zplm/m/n/10 \ \U/euf/m/n/10 g[]\OT1/zplm/m/n/10 )$\T1/ppl/m/n/10 . But since $[]\OT1/zplm/m/n/10 (\U/euf/m/n/10 g[]\OT1/zplm/m/n/10 ) =
 []

[227] [228] [229] [230]
Overfull \hbox (1.0567pt too wide) in paragraph at lines 9172--9172
[]\T1/ppl/m/n/10 A sub-al-ge-bra of $\U/euf/m/n/10 g$ \T1/ppl/m/n/10 con-tain-ing $\U/euf/m/n/10 h$ \T1/ppl/m/n/10 and sat-is-fy-ing the con-di-tions of [][]Propo-si-tion 6.2.50[][] is called a \T1/ppl/b/n/10 parabolic
 []

[231]
Overfull \hbox (5.24396pt too wide) in paragraph at lines 9213--9213
[]\T1/ppl/m/n/10 Let $\OT1/zplm/m/n/10 (\U/euf/m/n/10 g\OT1/ppl/m/n/10 , \U/euf/m/n/10 h\OT1/zplm/m/n/10 )$ \T1/ppl/m/n/10 be a split semi-simple Lie al-ge-bra, $\OT1/zplm/m/n/10 ^^H$ \T1/ppl/m/n/10 its root sys-tem. A \T1/ppl/b/n/10 fram-ing \T1/ppl/m/n/10 of $\OT1/zplm/m/n/10 (\U/euf/m/n/10 g\OT1/ppl/m/n/10 , \U/euf/m/n/10 h\OT1/zplm/m/n/10 )$ \T1/ppl/m/n/10 is a pair $\OT1/zplm/m/n/10 (^^A\OT1/ppl/m/n/10 , \OT1/zplm/m/n/10 (\OML/zplm/m/it/10 x[]\OT1/zplm/m/n/10 )[])$\T1/ppl/m/n/10 ,
 []

[232]

LaTeX Warning: Reference `' on page 233 undefined on input line 9216.

[233] [234]

LaTeX Warning: Reference `*' on page 1 undefined on input line 9317.

[235]
Overfull \hbox (6.14156pt too wide) in paragraph at lines 9360--9361
[]\T1/ppl/m/n/10 Let $[]\U/euf/m/n/10 a \OT1/zplm/m/n/10 = [][] \U/msb/m/n/10 K\OML/zplm/m/it/10 X[]$\T1/ppl/m/n/10 . Since each $\OML/zplm/m/it/10 X[]$ \T1/ppl/m/n/10 is ho-mo-ge-neous in $[]\U/euf/m/n/10 g$\T1/ppl/m/n/10 , we have $\OT1/zplm/m/n/10 [[]\U/euf/m/n/10 g[]\OT1/ppl/m/n/10 , []\U/euf/m/n/10 a\OT1/zplm/m/n/10 ] \OMS/zplm/m/n/10 ^^R []\U/euf/m/n/10 a$ \T1/ppl/m/n/10 by [][]Lemma 6.2.57[][]
 []

[236]
Missing character: There is no ^^K ("B) in font eufm7!
Missing character: There is no ^^K ("B) in font eufm7!
Missing character: There is no ^^K ("B) in font eufm7!
Missing character: There is no ^^K ("B) in font eufm7!
Missing character: There is no ^^K ("B) in font eufm7!
Missing character: There is no ^^K ("B) in font eufm7!
Missing character: There is no ^^K ("B) in font eufm7!
Missing character: There is no ^^K ("B) in font eufm7!
Missing character: There is no ^^K ("B) in font eufm7!
Missing character: There is no ^^K ("B) in font eufm7!
Missing character: There is no ^^K ("B) in font eufm7!
Missing character: There is no ^^K ("B) in font eufm7!
Missing character: There is no ^^K ("B) in font eufm7!
[237]
Overfull \hbox (13.74231pt too wide) in paragraph at lines 9449--9450
[]\T1/ppl/m/it/10 If $\OT1/zplm/m/n/10 ^^@[]$ \T1/ppl/m/it/10 is iso-mor-phic to $\OT1/zplm/m/n/10 ^^@[]$\T1/ppl/m/it/10 , then there ex-ists an iso-mor-phism from $\OT1/zplm/m/n/10 (\U/euf/m/n/10 g[]\OT1/ppl/m/n/10 , \U/euf/m/n/10 h[]\OT1/ppl/m/n/10 , \OT1/zplm/m/n/10 ^^A[]\OT1/ppl/m/n/10 , \OT1/zplm/m/n/10 (\OML/zplm/m/it/10 x[]\OT1/zplm/m/n/10 )[])$ \T1/ppl/m/it/10 to $\OT1/zplm/m/n/10 (\U/euf/m/n/10 g[]\OT1/ppl/m/n/10 , \U/euf/m/n/10 h[]\OT1/ppl/m/n/10 , \OT1/zplm/m/n/10 ^^A[]\OT1/ppl/m/n/10 , \OT1/zplm/m/n/10 (\OML/zplm/m/it/10 x[]\OT1/zplm/m/n/10 )[])$\T1/ppl/m/it/10 . 
 []

[238] [239]

LaTeX Warning: Reference `*' on page 240 undefined on input line 9541.


LaTeX Warning: Reference `*' on page 1 undefined on input line 9542.

[240]

LaTeX Warning: Reference `*' on page 1 undefined on input line 9562.


Overfull \hbox (12.4207pt too wide) in paragraph at lines 9568--9569
[]\T1/ppl/m/n/10 There ex-ist a ba-sis $\OT1/zplm/m/n/10 (\OML/zplm/m/it/10 ^^U[]\OT1/ppl/m/n/10 , [] , \OML/zplm/m/it/10 ^^U[]\OT1/zplm/m/n/10 )$ \T1/ppl/m/n/10 of $\OT1/zplm/m/n/10 ^^C(^^H)$ \T1/ppl/m/n/10 and in-te-gers $\OML/zplm/m/it/10 n[]\OT1/ppl/m/n/10 , [] , \OML/zplm/m/it/10 n[]$ \T1/ppl/m/n/10 big-ger than $\OT1/ppl/m/n/10 1$ \T1/ppl/m/n/10 such that $\OT1/zplm/m/n/10 (\OML/zplm/m/it/10 n[]^^U[]\OT1/ppl/m/n/10 , [] , \OML/zplm/m/it/10 n[]^^U[]\OT1/zplm/m/n/10 )$
 []

[241] [242] [243] [244] [245] [246] [247] [248] [249] [250] [251]
Missing character: There is no  ("3BB) in font zplmr7m!
[252] [253] [254]

LaTeX Warning: Reference `*' on page 1 undefined on input line 10161.

[255] [256] [257] [258] [259]

LaTeX Warning: Reference `*' on page 1 undefined on input line 10348.


LaTeX Warning: Reference `*' on page 1 undefined on input line 10354.

[260] [261] [262] [263]

LaTeX Warning: Reference `filtered complete ring generator of A and gr(A)' on page 1 undefined on input line 10511.

[264]

LaTeX Warning: Reference `*' on page 1 undefined on input line 10550.

[265]

LaTeX Warning: Reference `algebra action integral over fix point' on page 1 undefined on input line 10594.


LaTeX Warning: Reference `integral extension homomorphism to algebraically closed' on page 266 undefined on input line 10594.


LaTeX Warning: Reference `algebra finite group action homomorphism same restriction' on page 266 undefined on input line 10599.


Overfull \hbox (0.13623pt too wide) in paragraph at lines 10613--10614
[]\T1/ppl/m/it/10 Let $\OML/zplm/m/it/10 u \OMS/zplm/m/n/10 7! \OML/zplm/m/it/10 u[]$ \T1/ppl/m/it/10 be the pro-jec-tion of $\OML/zplm/m/it/10 U\OT1/zplm/m/n/10 (\U/euf/m/n/10 g\OT1/zplm/m/n/10 )$ \T1/ppl/m/it/10 onto $\OML/zplm/m/it/10 Z\OT1/zplm/m/n/10 (\U/euf/m/n/10 g\OT1/zplm/m/n/10 )$ \T1/ppl/m/it/10 de-fined by the de-com-po-si-tion $\OML/zplm/m/it/10 U\OT1/zplm/m/n/10 (\U/euf/m/n/10 g\OT1/zplm/m/n/10 ) = \OML/zplm/m/it/10 Z\OT1/zplm/m/n/10 (\U/euf/m/n/10 g\OT1/zplm/m/n/10 ) \OMS/zplm/m/n/10 ^^H \OT1/zplm/m/n/10 [\OML/zplm/m/it/10 U\OT1/zplm/m/n/10 (\U/euf/m/n/10 g\OT1/zplm/m/n/10 )\OT1/ppl/m/n/10 , \OML/zplm/m/it/10 U\OT1/zplm/m/n/10 (\U/euf/m/n/10 g\OT1/zplm/m/n/10 )]$\T1/ppl/m/it/10 .
 []

[266] [267] [268]
Overfull \hbox (9.53067pt too wide) in paragraph at lines 10729--10731
\T1/ppl/m/n/10 where we set $\OML/zplm/m/it/10 z[] \OT1/zplm/m/n/10 := \OML/zplm/m/it/10 e[]$\T1/ppl/m/n/10 . The right side of ([][]6.3.17[][]) is a fa-mous for-mula for the Schur poly-no-mial $\OML/zplm/m/it/10 s[]\OT1/zplm/m/n/10 (\OML/zplm/m/it/10 z[]\OT1/ppl/m/n/10 , [] , \OML/zplm/m/it/10 z[]\OT1/zplm/m/n/10 )$\T1/ppl/m/n/10 ,
 []

[269] [270] [271] [272] [273] [274] [275] [276]
Chapter 7.

LaTeX Warning: Citation `Bourbaki_LieI' on page 277 undefined on input line 10983.


LaTeX Warning: Citation `Bourbaki_IntII' on page 277 undefined on input line 10983.


LaTeX Warning: Citation `Bourbaki_LieI' on page 277 undefined on input line 10985.


LaTeX Warning: Citation `Bourbaki_Topo5-10' on page 277 undefined on input line 10993.

[277

]

LaTeX Warning: Citation `Bourbaki_LieI' on page 278 undefined on input line 11015.


LaTeX Warning: Citation `Bourbaki_LieI' on page 278 undefined on input line 11017.

[278]

LaTeX Warning: Citation `Bourbaki_LieI' on page 279 undefined on input line 11039.


LaTeX Warning: Citation `Bourbaki_LieI' on page 279 undefined on input line 11048.


LaTeX Warning: Citation `Bourbaki_LieI' on page 279 undefined on input line 11048.


LaTeX Warning: Citation `Bourbaki_IntII' on page 279 undefined on input line 11048.


LaTeX Warning: Citation `Bourbaki_IntII' on page 279 undefined on input line 11055.


LaTeX Warning: Citation `Bourbaki_Topo1-4' on page 279 undefined on input line 11055.

[279]

LaTeX Warning: Citation `Bourbaki_Topo5-10' on page 280 undefined on input line 11097.


LaTeX Warning: Citation `Bourbaki_LieI' on page 280 undefined on input line 11097.


LaTeX Warning: Citation `Bourbaki_LieI' on page 280 undefined on input line 11115.


LaTeX Warning: Citation `Bourbaki_Topo1-4' on page 280 undefined on input line 11115.


LaTeX Warning: Citation `Bourbaki_IntII' on page 280 undefined on input line 11115.

[280]

LaTeX Warning: Citation `Bourbaki_LieI' on page 281 undefined on input line 11150.


LaTeX Warning: Citation `Bourbaki_LieI' on page 281 undefined on input line 11164.

[281]

LaTeX Warning: Citation `Bourbaki_LieIII' on page 282 undefined on input line 11166.


LaTeX Warning: Citation `Bourbaki_LieIII' on page 282 undefined on input line 11196.


LaTeX Warning: Citation `Bourbaki_LieIII' on page 282 undefined on input line 11199.


LaTeX Warning: Citation `Bourbaki_LieI' on page 282 undefined on input line 11206.

[282]

LaTeX Warning: Citation `Bourbaki_LieI' on page 283 undefined on input line 11224.

[283] [284]

LaTeX Warning: Citation `Bourbaki_LieI' on page 285 undefined on input line 11314.

[285]

LaTeX Warning: Citation `Bourbaki_LieI' on page 286 undefined on input line 11369.


LaTeX Warning: Citation `Bourbaki_Topo1-4' on page 286 undefined on input line 11381.


LaTeX Warning: Citation `Bourbaki_Topo1-4' on page 286 undefined on input line 11381.


LaTeX Warning: Citation `Bourbaki_Topo1-4' on page 286 undefined on input line 11381.

[286] [287] [288] [289] [290]

LaTeX Warning: Citation `Bourbaki_LieI' on page 291 undefined on input line 11631.

[291]

LaTeX Warning: Citation `Bourbaki_Spectral' on page 292 undefined on input line 11661.


LaTeX Warning: Citation `Bourbaki_Spectral' on page 292 undefined on input line 11661.

[292]
Overfull \hbox (0.20267pt too wide) in paragraph at lines 11692--11693
\OML/zplm/m/it/10 H$\T1/ppl/m/it/10 . Then the maps $\OML/zplm/m/it/10 ' \OMS/zplm/m/n/10 7! \OML/zplm/m/it/10 X\OT1/zplm/m/n/10 (\OML/zplm/m/it/10 '\OT1/zplm/m/n/10 )$ \T1/ppl/m/it/10 and $\OML/zplm/m/it/10 ' \OMS/zplm/m/n/10 7! \OT1/zplm/m/n/10 ^^@(\OML/zplm/m/it/10 '\OT1/zplm/m/n/10 )$ \T1/ppl/m/it/10 are group iso-mor-phisms from $[]\OT1/zplm/m/n/10 (\OML/zplm/m/it/10 T\OT1/ppl/m/n/10 , \OML/zplm/m/it/10 H\OT1/zplm/m/n/10 )$ \T1/ppl/m/it/10 to $[][]\OT1/zplm/m/n/10 (\OML/zplm/m/it/10 X\OT1/zplm/m/n/10 (\OML/zplm/m/it/10 H\OT1/zplm/m/n/10 )\OT1/ppl/m/n/10 , \OML/zplm/m/it/10 X\OT1/zplm/m/n/10 (\OML/zplm/m/it/10 T\OT1/zplm/m/n/10 ))$
 []


LaTeX Warning: Citation `Bourbaki_Spectral' on page 293 undefined on input line 11695.


LaTeX Warning: Citation `Bourbaki_Spectral' on page 293 undefined on input line 11695.

[293]

LaTeX Warning: Citation `Bourbaki_Spectral' on page 294 undefined on input line 11725.


LaTeX Warning: Citation `Bourbaki_Alg8' on page 294 undefined on input line 11752.

[294] [295]

LaTeX Warning: Citation `Bourbaki_Spectral' on page 296 undefined on input line 11833.


LaTeX Warning: Citation `Bourbaki_LieI' on page 296 undefined on input line 11861.

[296] [297]

LaTeX Warning: Citation `Bourbaki_LieII' on page 298 undefined on input line 11936.

[298] [299]

LaTeX Warning: Citation `Bourbaki_LieIII' on page 300 undefined on input line 12004.


LaTeX Warning: Citation `Bourbaki_LieI' on page 300 undefined on input line 12043.

[300]

LaTeX Warning: Citation `Bourbaki_LieIII' on page 301 undefined on input line 12089.

[301] [302] [303]
Overfull \hbox (0.3081pt too wide) in paragraph at lines 12177--12179
\T1/ppl/m/n/10 words $\OML/zplm/m/it/10 ^^W[]' \OMS/zplm/m/n/10 2 []\OT1/zplm/m/n/10 (\OML/zplm/m/it/10 G\OT1/ppl/m/n/10 , \OML/zplm/m/it/10 T\OT1/zplm/m/n/10 )$\T1/ppl/m/n/10 . It fol-lows that $[]\OT1/zplm/m/n/10 (\OML/zplm/m/it/10 G\OT1/zplm/m/n/10 )/[](\OML/zplm/m/it/10 G\OT1/zplm/m/n/10 )$ \T1/ppl/m/n/10 can be iden-ti-fied with $[]\OT1/zplm/m/n/10 (\OML/zplm/m/it/10 G\OT1/ppl/m/n/10 , \OML/zplm/m/it/10 T\OT1/zplm/m/n/10 )/([](\OML/zplm/m/it/10 G\OT1/ppl/m/n/10 , \OML/zplm/m/it/10 T\OT1/zplm/m/n/10 ) \OMS/zplm/m/n/10 \
 []

[304]) [305] (./Abstract algebra.aux (./chapter/Lie-alg-grp.aux))

LaTeX Font Warning: Size substitutions with differences
(Font)              up to 0.43996pt have occurred.


LaTeX Font Warning: Some font shapes were not available, defaults substituted.


LaTeX Warning: There were undefined references.

Package rerunfilecheck Info: File `"Abstract algebra".out' has not changed.
(rerunfilecheck)             Checksum: <no file>.
 ) 
Here is how much of TeX's memory you used:
 47749 strings out of 476683
 1051081 string characters out of 5807576
 2087004 words of memory out of 5000000
 67129 multiletter control sequences out of 15000+600000
 603393 words of font info for 276 fonts, out of 8000000 for 9000
 1348 hyphenation exceptions out of 8191
 93i,20n,99p,1930b,1252s stack positions out of 10000i,1000n,20000p,200000b,200000s

Output written on Abstract algebra.pdf (305 pages).
