\BOOKMARK [0][-]{chapter.1}{General\040topology}{}% 1
\BOOKMARK [1][-]{section.1.1}{Topological\040structures}{chapter.1}% 2
\BOOKMARK [2][-]{subsection.1.1.1}{Topological\040spaces}{section.1.1}% 3
\BOOKMARK [2][-]{subsection.1.1.2}{Base\040of\040topologies}{section.1.1}% 4
\BOOKMARK [2][-]{subsection.1.1.3}{Neighborhoods}{section.1.1}% 5
\BOOKMARK [2][-]{subsection.1.1.4}{Closure,\040interior\040and\040boundary}{section.1.1}% 6
\BOOKMARK [1][-]{section.1.2}{Continuous\040functions}{chapter.1}% 7
\BOOKMARK [2][-]{subsection.1.2.1}{Semicontinuity}{section.1.2}% 8
\BOOKMARK [2][-]{subsection.1.2.2}{Continuous\040functions}{section.1.2}% 9
\BOOKMARK [2][-]{subsection.1.2.3}{Initial\040topologies}{section.1.2}% 10
\BOOKMARK [2][-]{subsection.1.2.4}{Final\040topologies}{section.1.2}% 11
\BOOKMARK [2][-]{subsection.1.2.5}{Subspaces\040of\040a\040topological\040space}{section.1.2}% 12
\BOOKMARK [1][-]{section.1.3}{Quotient\040spaces\040and\040quotient\040maps}{chapter.1}% 13
\BOOKMARK [2][-]{subsection.1.3.1}{Quotient\040spaces\040and\040maps}{section.1.3}% 14
\BOOKMARK [2][-]{subsection.1.3.2}{Quotient\040of\040a\040subspace}{section.1.3}% 15
\BOOKMARK [2][-]{subsection.1.3.3}{Hausdorff\040condition\040of\040quotient\040spaces}{section.1.3}% 16
\BOOKMARK [2][-]{subsection.1.3.4}{Direct\040limit\040of\040topological\040spaces}{section.1.3}% 17
\BOOKMARK [1][-]{section.1.4}{Product\040of\040topological\040spaces}{chapter.1}% 18
\BOOKMARK [2][-]{subsection.1.4.1}{Product\040spaces}{section.1.4}% 19
\BOOKMARK [2][-]{subsection.1.4.2}{Sections\040and\040projections}{section.1.4}% 20
\BOOKMARK [2][-]{subsection.1.4.3}{Inverse\040limit\040of\040topological\040spaces}{section.1.4}% 21
\BOOKMARK [1][-]{section.1.5}{Connectedness}{chapter.1}% 22
\BOOKMARK [2][-]{subsection.1.5.1}{Connected\040spaces}{section.1.5}% 23
\BOOKMARK [2][-]{subsection.1.5.2}{Path\040connectedness}{section.1.5}% 24
\BOOKMARK [2][-]{subsection.1.5.3}{Components\040and\040locally\040connectedness}{section.1.5}% 25
\BOOKMARK [2][-]{subsection.1.5.4}{Path\040components}{section.1.5}% 26
\BOOKMARK [1][-]{section.1.6}{Countablity\040and\040separation\040axoims}{chapter.1}% 27
\BOOKMARK [1][-]{section.1.7}{Nets\040and\040filters}{chapter.1}% 28
\BOOKMARK [2][-]{subsection.1.7.1}{Nets}{section.1.7}% 29
\BOOKMARK [2][-]{subsection.1.7.2}{Filters}{section.1.7}% 30
\BOOKMARK [2][-]{subsection.1.7.3}{Construction\040of\040filters}{section.1.7}% 31
\BOOKMARK [2][-]{subsection.1.7.4}{Limit\040of\040filters}{section.1.7}% 32
\BOOKMARK [1][-]{section.1.8}{Compactness}{chapter.1}% 33
\BOOKMARK [2][-]{subsection.1.8.1}{Limit\040point\040compactness\040and\040sequencially\040compactness}{section.1.8}% 34
\BOOKMARK [2][-]{subsection.1.8.2}{General\040characterization\040of\040compactness}{section.1.8}% 35
\BOOKMARK [2][-]{subsection.1.8.3}{Inverse\040limit\040of\040compact\040spaces}{section.1.8}% 36
\BOOKMARK [2][-]{subsection.1.8.4}{Aezelá-Ascoli theorem}{section.1.8}% 37
\BOOKMARK [2][-]{subsection.1.8.5}{Compactification}{section.1.8}% 38
\BOOKMARK [1][-]{section.1.9}{Local\040compactness}{chapter.1}% 39
\BOOKMARK [2][-]{subsection.1.9.1}{Continuous\040functions}{section.1.9}% 40
\BOOKMARK [2][-]{subsection.1.9.2}{One-point\040compactification}{section.1.9}% 41
\BOOKMARK [2][-]{subsection.1.9.3}{Stone-Weierstrass\040theorem}{section.1.9}% 42
\BOOKMARK [2][-]{subsection.1.9.4}{Metrizability}{section.1.9}% 43
\BOOKMARK [1][-]{section.1.10}{Proper\040maps}{chapter.1}% 44
\BOOKMARK [2][-]{subsection.1.10.1}{Proper\040maps}{section.1.10}% 45
\BOOKMARK [2][-]{subsection.1.10.2}{Proper\040maps}{section.1.10}% 46
\BOOKMARK [1][-]{section.1.11}{Baire\040Spaces}{chapter.1}% 47
\BOOKMARK [2][-]{subsection.1.11.1}{Nowhere\040dense\040sets\040and\040meager\040sets}{section.1.11}% 48
\BOOKMARK [2][-]{subsection.1.11.2}{Baire\040category\040theorem}{section.1.11}% 49
\BOOKMARK [1][-]{section.1.12}{Topological\040manifolds}{chapter.1}% 50
\BOOKMARK [2][-]{subsection.1.12.1}{Definition\040of\040manifolds}{section.1.12}% 51
\BOOKMARK [2][-]{subsection.1.12.2}{Manifolds\040with\040boundary}{section.1.12}% 52
\BOOKMARK [2][-]{subsection.1.12.3}{Adjunction\040spaces}{section.1.12}% 53
\BOOKMARK [1][-]{section.1.13}{Paracompactness}{chapter.1}% 54
\BOOKMARK [2][-]{subsection.1.13.1}{Paracompact\040spaces}{section.1.13}% 55
\BOOKMARK [2][-]{subsection.1.13.2}{Partitions\040of\040unity}{section.1.13}% 56
\BOOKMARK [0][-]{chapter.2}{Uniform\040structures}{}% 57
\BOOKMARK [1][-]{section.2.1}{Uniform\040spaces}{chapter.2}% 58
\BOOKMARK [2][-]{subsection.2.1.1}{Uniformly\040continuous\040functions}{section.2.1}% 59
\BOOKMARK [2][-]{subsection.2.1.2}{Construction\040of\040uniform\040structures}{section.2.1}% 60
\BOOKMARK [1][-]{section.2.2}{Complete\040spaces}{chapter.2}% 61
\BOOKMARK [2][-]{subsection.2.2.1}{Cauchy\040filters}{section.2.2}% 62
\BOOKMARK [2][-]{subsection.2.2.2}{Complete\040spaces}{section.2.2}% 63
\BOOKMARK [2][-]{subsection.2.2.3}{Product\040and\040inverse\040limit\040of\040complete\040spaces}{section.2.2}% 64
\BOOKMARK [2][-]{subsection.2.2.4}{Extension\040of\040uniformly\040continuous\040functions}{section.2.2}% 65
\BOOKMARK [2][-]{subsection.2.2.5}{Completion\040of\040uniform\040spaces}{section.2.2}% 66
\BOOKMARK [2][-]{subsection.2.2.6}{The\040Hausdorff\040space\040associated\040with\040a\040uniform\040space}{section.2.2}% 67
\BOOKMARK [2][-]{subsection.2.2.7}{Completion\040of\040subspaces\040and\040product\040spaces}{section.2.2}% 68
\BOOKMARK [1][-]{section.2.3}{Compact\040space\040and\040uniform\040spaces}{chapter.2}% 69
\BOOKMARK [2][-]{subsection.2.3.1}{Uniformity\040for\040compact\040Hausdorff\040spaces}{section.2.3}% 70
\BOOKMARK [2][-]{subsection.2.3.2}{Compactness\040of\040uniform\040spaces}{section.2.3}% 71
\BOOKMARK [0][-]{chapter.3}{Topological\040groups\040and\040rings}{}% 72
\BOOKMARK [1][-]{section.3.1}{Topological\040groups}{chapter.3}% 73
\BOOKMARK [2][-]{subsection.3.1.1}{Topologies\040on\040groups}{section.3.1}% 74
\BOOKMARK [2][-]{subsection.3.1.2}{Topological\040subgroups}{section.3.1}% 75
\BOOKMARK [2][-]{subsection.3.1.3}{Group\040actions}{section.3.1}% 76
\BOOKMARK [2][-]{subsection.3.1.4}{Product\040and\040quotient\040of\040topological\040groups}{section.3.1}% 77
\BOOKMARK [2][-]{subsection.3.1.5}{S-topologies}{section.3.1}% 78
\BOOKMARK [2][-]{subsection.3.1.6}{Metrizability}{section.3.1}% 79
\BOOKMARK [1][-]{section.3.2}{Complete\040topological\040groups}{chapter.3}% 80
\BOOKMARK [2][-]{subsection.3.2.1}{Uniformity\040on\040topological\040groups}{section.3.2}% 81
\BOOKMARK [2][-]{subsection.3.2.2}{Complete\040groups}{section.3.2}% 82
\BOOKMARK [2][-]{subsection.3.2.3}{Completion\040of\040Hausdorff\040groups}{section.3.2}% 83
\BOOKMARK [2][-]{subsection.3.2.4}{Completeness\040of\040commutative\040topological\040groups}{section.3.2}% 84
\BOOKMARK [1][-]{section.3.3}{Topological\040group\040with\040operators,\040topological\040rings,\040modules\040and\040fields}{chapter.3}% 85
\BOOKMARK [2][-]{subsection.3.3.1}{Topological\040group\040with\040operators}{section.3.3}% 86
\BOOKMARK [2][-]{subsection.3.3.2}{Topological\040direct\040sum\040of\040stable\040subgroups}{section.3.3}% 87
\BOOKMARK [2][-]{subsection.3.3.3}{Topological\040rings\040and\040modules}{section.3.3}% 88
\BOOKMARK [2][-]{subsection.3.3.4}{Topological\040division\040ring\040and\040fields}{section.3.3}% 89
\BOOKMARK [2][-]{subsection.3.3.5}{Inverse\040limits\040of\040topological\040groups\040and\040rings}{section.3.3}% 90
\BOOKMARK [0][-]{chapter.4}{Topologies\040encountered\040in\040algebraic\040geometry}{}% 91
\BOOKMARK [1][-]{section.4.1}{Irreducibility}{chapter.4}% 92
\BOOKMARK [2][-]{subsection.4.1.1}{Irredicible\040topological\040spaces}{section.4.1}% 93
\BOOKMARK [2][-]{subsection.4.1.2}{Noetherian\040topological\040spaces}{section.4.1}% 94
\BOOKMARK [2][-]{subsection.4.1.3}{Generic\040points}{section.4.1}% 95
\BOOKMARK [1][-]{section.4.2}{Krull\040dimension}{chapter.4}% 96
\BOOKMARK [2][-]{subsection.4.2.1}{Krull\040dimension\040of\040a\040topological\040space}{section.4.2}% 97
\BOOKMARK [2][-]{subsection.4.2.2}{Codimension\040of\040a\040closed\040subset}{section.4.2}% 98
\BOOKMARK [0][-]{chapter.5}{Integral\040domains}{}% 99
\BOOKMARK [1][-]{section.5.1}{Prime\040and\040irreducible\040elements}{chapter.5}% 100
\BOOKMARK [1][-]{section.5.2}{Domains\040with\040factorizations}{chapter.5}% 101
\BOOKMARK [1][-]{section.5.3}{Greatest common divisors and Bézout domains}{chapter.5}% 102
\BOOKMARK [1][-]{section.5.4}{Unique\040factorization\040in\040polynomial\040rings}{chapter.5}% 103
\BOOKMARK [1][-]{section.5.5}{A\040prime\040ideal\040principle}{chapter.5}% 104
\BOOKMARK [1][-]{section.5.6}{Some\040results\040on\040UFDs\040and\040PIDs}{chapter.5}% 105
\BOOKMARK [1][-]{section.5.7}{Exercise}{chapter.5}% 106
\BOOKMARK [0][-]{chapter.6}{Chain\040conditions}{}% 107
\BOOKMARK [1][-]{section.6.1}{General\040properties}{chapter.6}% 108
\BOOKMARK [1][-]{section.6.2}{Noetherian\040rings}{chapter.6}% 109
\BOOKMARK [1][-]{section.6.3}{Artin\040rings}{chapter.6}% 110
\BOOKMARK [1][-]{section.6.4}{Exercise}{chapter.6}% 111
\BOOKMARK [0][-]{chapter.7}{Linear\040algebras}{}% 112
\BOOKMARK [1][-]{section.7.1}{Modules\040and\040diagrams}{chapter.7}% 113
\BOOKMARK [2][-]{subsection.7.1.1}{Finitely\040generated\040modules}{section.7.1}% 114
\BOOKMARK [2][-]{subsection.7.1.2}{Exact\040sequence\040and\040the\040snake\040lemma}{section.7.1}% 115
\BOOKMARK [2][-]{subsection.7.1.3}{Exercise}{section.7.1}% 116
\BOOKMARK [1][-]{section.7.2}{Flat\040modules}{chapter.7}% 117
\BOOKMARK [2][-]{subsection.7.2.1}{M-flat\040modules}{section.7.2}% 118
\BOOKMARK [2][-]{subsection.7.2.2}{Flat\040modules}{section.7.2}% 119
\BOOKMARK [2][-]{subsection.7.2.3}{Intersection\040properties}{section.7.2}% 120
\BOOKMARK [2][-]{subsection.7.2.4}{Extension\040of\040scalars\040and\040flatness}{section.7.2}% 121
\BOOKMARK [2][-]{subsection.7.2.5}{Finitely\040presented\040modules}{section.7.2}% 122
\BOOKMARK [2][-]{subsection.7.2.6}{Structure\040of\040flat\040modules}{section.7.2}% 123
\BOOKMARK [1][-]{section.7.3}{Faithfully\040flat\040modules}{chapter.7}% 124
\BOOKMARK [2][-]{subsection.7.3.1}{Extension\040of\040scalars\040and\040faithfully\040flatness}{section.7.3}% 125
\BOOKMARK [2][-]{subsection.7.3.2}{Faithfully\040flat\040rings}{section.7.3}% 126
\BOOKMARK [1][-]{section.7.4}{Injective\040modules}{chapter.7}% 127
\BOOKMARK [2][-]{subsection.7.4.1}{Injective\040modules}{section.7.4}% 128
\BOOKMARK [2][-]{subsection.7.4.2}{Injective\040modules\040and\040cogenerators}{section.7.4}% 129
\BOOKMARK [2][-]{subsection.7.4.3}{Injective\040hull\040of\040modules}{section.7.4}% 130
\BOOKMARK [0][-]{chapter.8}{Homological\040algebras\040for\040modules}{}% 131
\BOOKMARK [1][-]{section.8.1}{Complexes\040of\040modules}{chapter.8}% 132
\BOOKMARK [2][-]{subsection.8.1.1}{Complexes\040of\040A-modules}{section.8.1}% 133
\BOOKMARK [2][-]{subsection.8.1.2}{Long\040exact\040homological\040sequence}{section.8.1}% 134
\BOOKMARK [2][-]{subsection.8.1.3}{Homotopies}{section.8.1}% 135
\BOOKMARK [2][-]{subsection.8.1.4}{Splitting\040complexes}{section.8.1}% 136
\BOOKMARK [2][-]{subsection.8.1.5}{Cone\040and\040cylinder\040of\040a\040morphism\040of\040complexes}{section.8.1}% 137
\BOOKMARK [2][-]{subsection.8.1.6}{Euler-Poincaré characteristic}{section.8.1}% 138
\BOOKMARK [2][-]{subsection.8.1.7}{The\040de\040Rham\040complex}{section.8.1}% 139
\BOOKMARK [1][-]{section.8.2}{Resolutions}{chapter.8}% 140
\BOOKMARK [2][-]{subsection.8.2.1}{Resolutions\040of\040modules}{section.8.2}% 141
\BOOKMARK [2][-]{subsection.8.2.2}{The\040canonical\040free\040resolution}{section.8.2}% 142
\BOOKMARK [2][-]{subsection.8.2.3}{The\040canonical\040injective\040resolution}{section.8.2}% 143
\BOOKMARK [2][-]{subsection.8.2.4}{Finitely\040generated\040resolutions}{section.8.2}% 144
\BOOKMARK [2][-]{subsection.8.2.5}{Minimal\040projective\040resolutions}{section.8.2}% 145
\BOOKMARK [2][-]{subsection.8.2.6}{Graded\040resolutions}{section.8.2}% 146
\BOOKMARK [2][-]{subsection.8.2.7}{The\040standard\040resolution}{section.8.2}% 147
\BOOKMARK [2][-]{subsection.8.2.8}{Resolutions\040and\040Grothendieck\040groups}{section.8.2}% 148
\BOOKMARK [1][-]{section.8.3}{Tensor\040product}{chapter.8}% 149
\BOOKMARK [2][-]{subsection.8.3.1}{Tensot\040product\040of\040complexes}{section.8.3}% 150
\BOOKMARK [2][-]{subsection.8.3.2}{Tensor\040products\040and\040homotopies}{section.8.3}% 151
\BOOKMARK [2][-]{subsection.8.3.3}{The\040twisted\040product\040and\040its\040properties}{section.8.3}% 152
\BOOKMARK [2][-]{subsection.8.3.4}{The\040long\040exact\040sequence\040of\040twisted\040products}{section.8.3}% 153
\BOOKMARK [2][-]{subsection.8.3.5}{Künneth formula}{section.8.3}% 154
\BOOKMARK [1][-]{section.8.4}{Modules\040of\040extensions}{chapter.8}% 155
\BOOKMARK [2][-]{subsection.8.4.1}{The\040Hom\040complex\040of\040complexes}{section.8.4}% 156
\BOOKMARK [2][-]{subsection.8.4.2}{Hom\040complex\040and\040homotopies}{section.8.4}% 157
\BOOKMARK [1][-]{section.8.5}{Koszul\040complex}{chapter.8}% 158
\BOOKMARK [2][-]{subsection.8.5.1}{The\040Koszul\040complex\040associated\040with\040a\040linear\040form}{section.8.5}% 159
\BOOKMARK [2][-]{subsection.8.5.2}{The\040canonical\040Koszul\040complex\040of\040SE}{section.8.5}% 160
\BOOKMARK [2][-]{subsection.8.5.3}{Koszul\040complexes\040and\040alternating\040maps}{section.8.5}% 161
\BOOKMARK [2][-]{subsection.8.5.4}{Koszul\040complexes\040and\040completely\040secant\040sequences}{section.8.5}% 162
\BOOKMARK [2][-]{subsection.8.5.5}{Extension\040class\040associated\040with\040a\040regular\040sequence}{section.8.5}% 163
\BOOKMARK [0][-]{chapter.9}{Field\040Theories}{}% 164
\BOOKMARK [1][-]{section.9.1}{Field\040extensions}{chapter.9}% 165
\BOOKMARK [2][-]{subsection.9.1.1}{Basic\040definitions\040of\040field\040extensions}{section.9.1}% 166
\BOOKMARK [2][-]{subsection.9.1.2}{Simple,\040finite,\040and\040algebraic\040extensions}{section.9.1}% 167
\BOOKMARK [2][-]{subsection.9.1.3}{Algebraic\040closure}{section.9.1}% 168
\BOOKMARK [2][-]{subsection.9.1.4}{Embeddings\040and\040their\040extensions}{section.9.1}% 169
\BOOKMARK [2][-]{subsection.9.1.5}{Splitting\040fields\040and\040normal\040extensions}{section.9.1}% 170
\BOOKMARK [2][-]{subsection.9.1.6}{Separable\040extensions\040and\040linearly\040disjointness}{section.9.1}% 171
\BOOKMARK [2][-]{subsection.9.1.7}{Exercise}{section.9.1}% 172
\BOOKMARK [1][-]{section.9.2}{Galois\040theory}{chapter.9}% 173
\BOOKMARK [2][-]{subsection.9.2.1}{Galois\040connections}{section.9.2}% 174
\BOOKMARK [2][-]{subsection.9.2.2}{The\040Galois\040correspondence}{section.9.2}% 175
\BOOKMARK [2][-]{subsection.9.2.3}{Closed\040elements\040in\040the\040Galois\040correspondence}{section.9.2}% 176
\BOOKMARK [2][-]{subsection.9.2.4}{The\040Krull\040topology\040on\040Galois\040group}{section.9.2}% 177
\BOOKMARK [2][-]{subsection.9.2.5}{Normal\040subgroups\040and\040normal\040extensions}{section.9.2}% 178
\BOOKMARK [2][-]{subsection.9.2.6}{Galois\040groups\040of\040lifting\040and\040composites}{section.9.2}% 179
\BOOKMARK [2][-]{subsection.9.2.7}{Exercise}{section.9.2}% 180
\BOOKMARK [1][-]{section.9.3}{Applications\040of\040Galois\040theory}{chapter.9}% 181
\BOOKMARK [2][-]{subsection.9.3.1}{The\040Galois\040group\040of\040a\040polynomial}{section.9.3}% 182
\BOOKMARK [2][-]{subsection.9.3.2}{The\040Galois\040groups\040of\040some\040polynomials}{section.9.3}% 183
\BOOKMARK [2][-]{subsection.9.3.3}{Geometric\040impossibilities}{section.9.3}% 184
\BOOKMARK [2][-]{subsection.9.3.4}{The\040fundamental\040theorem\040of\040algebra}{section.9.3}% 185
\BOOKMARK [2][-]{subsection.9.3.5}{Finite\040fields}{section.9.3}% 186
\BOOKMARK [2][-]{subsection.9.3.6}{Cyclotomic\040polynomials\040and\040fields}{section.9.3}% 187
\BOOKMARK [2][-]{subsection.9.3.7}{Cyclic\040extensions}{section.9.3}% 188
\BOOKMARK [2][-]{subsection.9.3.8}{Solvable\040and\040radical\040extensions}{section.9.3}% 189
\BOOKMARK [2][-]{subsection.9.3.9}{Solvability\040of\040polynomial\040equations\040by\040radicals}{section.9.3}% 190
\BOOKMARK [2][-]{subsection.9.3.10}{Exercise}{section.9.3}% 191
\BOOKMARK [1][-]{section.9.4}{Transcendental\040extensions}{chapter.9}% 192
\BOOKMARK [2][-]{subsection.9.4.1}{Transcendental\040basis}{section.9.4}% 193
\BOOKMARK [2][-]{subsection.9.4.2}{Simple transcendantal extension and Lüroth's theorem}{section.9.4}% 194
\BOOKMARK [0][-]{chapter.10}{Localizations}{}% 195
\BOOKMARK [1][-]{section.10.1}{Prime\040ideals\040and\040maximal\040ideals}{chapter.10}% 196
\BOOKMARK [2][-]{subsection.10.1.1}{Prime\040ideals}{section.10.1}% 197
\BOOKMARK [2][-]{subsection.10.1.2}{Nilradical\040and\040Jacobson\040radical}{section.10.1}% 198
\BOOKMARK [2][-]{subsection.10.1.3}{Coprime\040ideals}{section.10.1}% 199
\BOOKMARK [2][-]{subsection.10.1.4}{Local\040rings\040and\040semilocal\040rings}{section.10.1}% 200
\BOOKMARK [2][-]{subsection.10.1.5}{Operations\040on\040ideals}{section.10.1}% 201
\BOOKMARK [2][-]{subsection.10.1.6}{Exercise}{section.10.1}% 202
\BOOKMARK [1][-]{section.10.2}{Rings\040and\040modules\040of\040fractions}{chapter.10}% 203
\BOOKMARK [2][-]{subsection.10.2.1}{Definition\040of\040rings\040of\040fractions}{section.10.2}% 204
\BOOKMARK [2][-]{subsection.10.2.2}{Modules\040of\040fractions}{section.10.2}% 205
\BOOKMARK [2][-]{subsection.10.2.3}{Change\040of\040multiplicative\040subset}{section.10.2}% 206
\BOOKMARK [2][-]{subsection.10.2.4}{Properties\040of\040the\040localization\040operation}{section.10.2}% 207
\BOOKMARK [2][-]{subsection.10.2.5}{Ideals\040under\040localization}{section.10.2}% 208
\BOOKMARK [2][-]{subsection.10.2.6}{Modules\040of\040fractions\040of\040tensor\040products\040and\040Hom\040sets}{section.10.2}% 209
\BOOKMARK [1][-]{section.10.3}{Local\040rings\040and\040passing\040from\040local\040to\040global}{chapter.10}% 210
\BOOKMARK [2][-]{subsection.10.3.1}{Local\040rings}{section.10.3}% 211
\BOOKMARK [2][-]{subsection.10.3.2}{Modules\040over\040a\040local\040ring}{section.10.3}% 212
\BOOKMARK [2][-]{subsection.10.3.3}{Passing\040from\040local\040to\040global}{section.10.3}% 213
\BOOKMARK [1][-]{section.10.4}{The\040spectrum\040of\040a\040ring}{chapter.10}% 214
\BOOKMARK [2][-]{subsection.10.4.1}{The\040space\040SpecA}{section.10.4}% 215
\BOOKMARK [2][-]{subsection.10.4.2}{Functoriality\040of\040the\040spactrum}{section.10.4}% 216
\BOOKMARK [2][-]{subsection.10.4.3}{The\040support\040of\040a\040module}{section.10.4}% 217
\BOOKMARK [2][-]{subsection.10.4.4}{Clopen\040subsets\040of\040the\040spectrum}{section.10.4}% 218
\BOOKMARK [2][-]{subsection.10.4.5}{Glueing\040properties\040of\040localization}{section.10.4}% 219
\BOOKMARK [1][-]{section.10.5}{Finitely\040generated\040projective\040modules}{chapter.10}% 220
\BOOKMARK [2][-]{subsection.10.5.1}{Local\040characterization}{section.10.5}% 221
\BOOKMARK [2][-]{subsection.10.5.2}{Rank\040of\040finitely\040generated\040projective\040modules}{section.10.5}% 222
\BOOKMARK [2][-]{subsection.10.5.3}{Projective\040modules\040of\040rank\0401}{section.10.5}% 223
\BOOKMARK [2][-]{subsection.10.5.4}{Non-degenerate\040submodules\040and\040invertible\040submodules}{section.10.5}% 224
\BOOKMARK [2][-]{subsection.10.5.5}{The\040class\040group\040of\040invertible\040submodules}{section.10.5}% 225
\BOOKMARK [2][-]{subsection.10.5.6}{Exercise}{section.10.5}% 226
\BOOKMARK [0][-]{chapter.11}{Graded\040rings\040and\040filtrations}{}% 227
\BOOKMARK [1][-]{section.11.1}{Graduation\040on\040rings\040and\040modules}{chapter.11}% 228
\BOOKMARK [2][-]{subsection.11.1.1}{Graded\040ring\040and\040graded\040module}{section.11.1}% 229
\BOOKMARK [2][-]{subsection.11.1.2}{Graduation\040on\040tensor\040products\040and\040Hom\040sets}{section.11.1}% 230
\BOOKMARK [2][-]{subsection.11.1.3}{Graduation\040by\040an\040ordered\040group}{section.11.1}% 231
\BOOKMARK [2][-]{subsection.11.1.4}{Graded\040rings\040of\040type\040Z}{section.11.1}% 232
\BOOKMARK [1][-]{section.11.2}{Filtration\040and\040topologies}{chapter.11}% 233
\BOOKMARK [2][-]{subsection.11.2.1}{Filtrated\040rings\040and\040modules}{section.11.2}% 234
\BOOKMARK [2][-]{subsection.11.2.2}{The\040associated\040graded\040module}{section.11.2}% 235
\BOOKMARK [2][-]{subsection.11.2.3}{Homomorphism\040compatible\040with\040filtrations}{section.11.2}% 236
\BOOKMARK [1][-]{section.11.3}{Filtrations\040and\040completions}{chapter.11}% 237
\BOOKMARK [2][-]{subsection.11.3.1}{Complete\040filtered\040groups}{section.11.3}% 238
\BOOKMARK [2][-]{subsection.11.3.2}{Completion\040of\040filtered\040rings\040and\040modules}{section.11.3}% 239
\BOOKMARK [2][-]{subsection.11.3.3}{Lifting\040properties\040of\040the\040associated\040graduation}{section.11.3}% 240
\BOOKMARK [1][-]{section.11.4}{The\040adic\040topology\040on\040Noetherian\040rings}{chapter.11}% 241
\BOOKMARK [2][-]{subsection.11.4.1}{Good\040filtrations}{section.11.4}% 242
\BOOKMARK [2][-]{subsection.11.4.2}{The\040adic\040topology\040on\040Noetherian\040rings}{section.11.4}% 243
\BOOKMARK [2][-]{subsection.11.4.3}{The\040adic\040completion\040of\040a\040Noetherian\040ring}{section.11.4}% 244
\BOOKMARK [2][-]{subsection.11.4.4}{Zariski\040rings}{section.11.4}% 245
\BOOKMARK [1][-]{section.11.5}{Lifting\040in\040complete\040rings}{chapter.11}% 246
\BOOKMARK [2][-]{subsection.11.5.1}{Strongly\040relatively\040prime\040polynomials}{section.11.5}% 247
\BOOKMARK [2][-]{subsection.11.5.2}{Restricted\040power\040series\040and\040Hensel's\040lemma}{section.11.5}% 248
\BOOKMARK [2][-]{subsection.11.5.3}{System\040of\040equations\040in\040complete\040rings}{section.11.5}% 249
\BOOKMARK [1][-]{section.11.6}{Flatness\040of\040graded\040modules}{chapter.11}% 250
\BOOKMARK [1][-]{section.11.7}{Exercise}{chapter.11}% 251
\BOOKMARK [0][-]{chapter.12}{Associated\040prime\040ideals\040and\040primary\040decomposition}{}% 252
\BOOKMARK [1][-]{section.12.1}{Associated\040prime\040ideals\040of\040a\040module}{chapter.12}% 253
\BOOKMARK [2][-]{subsection.12.1.1}{Definition\040of\040associated\040prime\040ideals}{section.12.1}% 254
\BOOKMARK [2][-]{subsection.12.1.2}{Associated\040prime\040ideal\040of\040localizations}{section.12.1}% 255
\BOOKMARK [2][-]{subsection.12.1.3}{Associated\040prime\040ideals\040and\040supports}{section.12.1}% 256
\BOOKMARK [2][-]{subsection.12.1.4}{Associated\040prime\040ideals\040of\040modules\040over\040Noetherian\040rings}{section.12.1}% 257
\BOOKMARK [1][-]{section.12.2}{Primary\040decomposition}{chapter.12}% 258
\BOOKMARK [2][-]{subsection.12.2.1}{Primary\040submodules}{section.12.2}% 259
\BOOKMARK [2][-]{subsection.12.2.2}{Primary\040decompositions}{section.12.2}% 260
\BOOKMARK [2][-]{subsection.12.2.3}{The\040localization\040of\040a\040primary\040decomposition}{section.12.2}% 261
\BOOKMARK [2][-]{subsection.12.2.4}{Module\040of\040finite\040length}{section.12.2}% 262
\BOOKMARK [2][-]{subsection.12.2.5}{Extension\040of\040scalars}{section.12.2}% 263
\BOOKMARK [2][-]{subsection.12.2.6}{Primary\040decomposition\040of\040graded\040modules}{section.12.2}% 264
\BOOKMARK [0][-]{chapter.13}{Integral\040dependence}{}% 265
\BOOKMARK [1][-]{section.13.1}{Integral\040elements}{chapter.13}% 266
\BOOKMARK [2][-]{subsection.13.1.1}{The\040integral\040closure\040of\040a\040ring}{section.13.1}% 267
\BOOKMARK [2][-]{subsection.13.1.2}{Examples\040of\040integrally\040closed\040domains}{section.13.1}% 268
\BOOKMARK [2][-]{subsection.13.1.3}{Completely\040integrally\040closed\040domains}{section.13.1}% 269
\BOOKMARK [2][-]{subsection.13.1.4}{The\040integral\040closure\040of\040a\040ring\040of\040fractions}{section.13.1}% 270
\BOOKMARK [2][-]{subsection.13.1.5}{Norms\040and\040traces\040of\040integral\040elements}{section.13.1}% 271
\BOOKMARK [2][-]{subsection.13.1.6}{Integers\040over\040a\040graded\040ring}{section.13.1}% 272
\BOOKMARK [2][-]{subsection.13.1.7}{The\040lift\040of\040prime\040ideals}{section.13.1}% 273
\BOOKMARK [1][-]{section.13.2}{Group\040action\040on\040algebras}{chapter.13}% 274
\BOOKMARK [2][-]{subsection.13.2.1}{Group\040acting\040on\040an\040algebra}{section.13.2}% 275
\BOOKMARK [2][-]{subsection.13.2.2}{Decomposition\040group\040and\040inertial\040group}{section.13.2}% 276
\BOOKMARK [2][-]{subsection.13.2.3}{Applications\040for\040integrally\040closed\040domains}{section.13.2}% 277
\BOOKMARK [1][-]{section.13.3}{Finite\040generated\040algebras\040over\040a\040field}{chapter.13}% 278
\BOOKMARK [2][-]{subsection.13.3.1}{The\040Nullstellensatz}{section.13.3}% 279
\BOOKMARK [2][-]{subsection.13.3.2}{Jacobson\040rings}{section.13.3}% 280
\BOOKMARK [1][-]{section.13.4}{Exercise}{chapter.13}% 281
\BOOKMARK [0][-]{chapter.14}{Valuation\040rings}{}% 282
\BOOKMARK [1][-]{section.14.1}{Valuation\040rings\040of\040fields}{chapter.14}% 283
\BOOKMARK [1][-]{section.14.2}{Ordered\040groups\040and\040valuations}{chapter.14}% 284
\BOOKMARK [2][-]{subsection.14.2.1}{Valuations\040of\040rank\040one}{section.14.2}% 285
\BOOKMARK [2][-]{subsection.14.2.2}{Discrete\040valuation\040rings}{section.14.2}% 286
\BOOKMARK [1][-]{section.14.3}{Compare\040valuation\040rings\040of\040a\040field}{chapter.14}% 287
\BOOKMARK [1][-]{section.14.4}{Dependent\040valuations\040and\040induced\040topology}{chapter.14}% 288
\BOOKMARK [1][-]{section.14.5}{Completion\040of\040valued\040fields}{chapter.14}% 289
\BOOKMARK [2][-]{subsection.14.5.1}{Archimedean\040complete\040fields}{section.14.5}% 290
\BOOKMARK [2][-]{subsection.14.5.2}{Non-archimedean\040complete\040fields}{section.14.5}% 291
\BOOKMARK [1][-]{section.14.6}{Extensions\040of\040valuation\040rings}{chapter.14}% 292
\BOOKMARK [2][-]{subsection.14.6.1}{Ramification\040index\040and\040inertial\040degree}{section.14.6}% 293
\BOOKMARK [2][-]{subsection.14.6.2}{Prolongations\040of\040a\040valuation}{section.14.6}% 294
\BOOKMARK [2][-]{subsection.14.6.3}{Henselian\040fields}{section.14.6}% 295
\BOOKMARK [2][-]{subsection.14.6.4}{The\040fundamental\040inequality}{section.14.6}% 296
\BOOKMARK [1][-]{section.14.7}{Exercise}{chapter.14}% 297
\BOOKMARK [0][-]{chapter.15}{Krull\040domains\040and\040divisors}{}% 298
\BOOKMARK [1][-]{section.15.1}{Krull\040domains}{chapter.15}% 299
\BOOKMARK [2][-]{subsection.15.1.1}{Fractional\040ideals}{section.15.1}% 300
\BOOKMARK [2][-]{subsection.15.1.2}{The\040monoid\040structure\040on\040DA}{section.15.1}% 301
\BOOKMARK [2][-]{subsection.15.1.3}{Krull\040domains}{section.15.1}% 302
\BOOKMARK [2][-]{subsection.15.1.4}{Essential\040valuations\040for\040a\040Krull\040domain}{section.15.1}% 303
\BOOKMARK [2][-]{subsection.15.1.5}{Approximation\040theorem\040for\040essential\040valuations}{section.15.1}% 304
\BOOKMARK [2][-]{subsection.15.1.6}{Prime\040ideals\040of\040height\0401\040in\040a\040Krull\040domain}{section.15.1}% 305
\BOOKMARK [2][-]{subsection.15.1.7}{Permanence\040properties\040of\040Krull\040domains}{section.15.1}% 306
\BOOKMARK [2][-]{subsection.15.1.8}{Divisor\040classes\040in\040a\040Krull\040domain}{section.15.1}% 307
\BOOKMARK [2][-]{subsection.15.1.9}{Dedekind\040domains}{section.15.1}% 308
\BOOKMARK [2][-]{subsection.15.1.10}{The\040Krull-Akizuki\040theorem}{section.15.1}% 309
\BOOKMARK [2][-]{subsection.15.1.11}{Unique\040factorization\040domains}{section.15.1}% 310
\BOOKMARK [1][-]{section.15.2}{Modules\040over\040integrally\040closed\040Noetherian\040domains}{chapter.15}% 311
\BOOKMARK [2][-]{subsection.15.2.1}{Lattices}{section.15.2}% 312
\BOOKMARK [2][-]{subsection.15.2.2}{Duality\040and\040reflexive\040modules}{section.15.2}% 313
\BOOKMARK [2][-]{subsection.15.2.3}{Local\040construction\040of\040reflexive\040modules}{section.15.2}% 314
\BOOKMARK [2][-]{subsection.15.2.4}{Divisors\040attached\040to\040finite\040generated\040torsion\040modules}{section.15.2}% 315
\BOOKMARK [2][-]{subsection.15.2.5}{Divisor\040classes\040attached\040to\040a\040finite\040generated\040module}{section.15.2}% 316
\BOOKMARK [2][-]{subsection.15.2.6}{Properties\040relative\040to\040finite\040field\040extensions}{section.15.2}% 317
\BOOKMARK [2][-]{subsection.15.2.7}{Modules\040over\040Dedekind\040domains}{section.15.2}% 318
\BOOKMARK [0][-]{chapter.16}{Dimension}{}% 319
\BOOKMARK [1][-]{section.16.1}{Dimension\040of\040rings\040and\040modules}{chapter.16}% 320
\BOOKMARK [2][-]{subsection.16.1.1}{Dimension\040of\040a\040ring}{section.16.1}% 321
\BOOKMARK [2][-]{subsection.16.1.2}{Dimension\040of\040a\040finitely\040generated\040module}{section.16.1}% 322
\BOOKMARK [2][-]{subsection.16.1.3}{Cycle\040associated\040with\040a\040module}{section.16.1}% 323
\BOOKMARK [2][-]{subsection.16.1.4}{Exercise}{section.16.1}% 324
\BOOKMARK [1][-]{section.16.2}{Dimension\040of\040algebras}{chapter.16}% 325
\BOOKMARK [2][-]{subsection.16.2.1}{Dimension\040and\040the\040going-down\040property}{section.16.2}% 326
\BOOKMARK [2][-]{subsection.16.2.2}{Dimension\040of\040a\040finitely\040generated\040algebra}{section.16.2}% 327
\BOOKMARK [2][-]{subsection.16.2.3}{Dimension\040of\040finitely\040generated\040algebras\040over\040fields}{section.16.2}% 328
\BOOKMARK [2][-]{subsection.16.2.4}{Exercise}{section.16.2}% 329
\BOOKMARK [1][-]{section.16.3}{Dimension\040of\040Noetherian\040rings}{chapter.16}% 330
\BOOKMARK [2][-]{subsection.16.3.1}{Dimension\040of\040a\040quotient\040ring}{section.16.3}% 331
\BOOKMARK [2][-]{subsection.16.3.2}{Dimension\040and\040secant\040sequences}{section.16.3}% 332
\BOOKMARK [2][-]{subsection.16.3.3}{Extension\040of\040scalars}{section.16.3}% 333
\BOOKMARK [2][-]{subsection.16.3.4}{Exersise}{section.16.3}% 334
\BOOKMARK [1][-]{section.16.4}{Hilbert-Samuel\040series}{chapter.16}% 335
\BOOKMARK [2][-]{subsection.16.4.1}{Poincaré series of a graded module on a polynomial ring}{section.16.4}% 336
\BOOKMARK [2][-]{subsection.16.4.2}{Hilbert-Samuel\040series\040of\040a\040good-filtered\040module}{section.16.4}% 337
\BOOKMARK [1][-]{section.16.5}{Regular\040local\040rings}{chapter.16}% 338
\BOOKMARK [2][-]{subsection.16.5.1}{Regularity\040of\040a\040local\040ring}{section.16.5}% 339
\BOOKMARK [2][-]{subsection.16.5.2}{Quotients\040of\040regular\040local\040rings}{section.16.5}% 340
\BOOKMARK [2][-]{subsection.16.5.3}{Eisenstein\040polynomials}{section.16.5}% 341
\BOOKMARK [1][-]{section.16.6}{Dimension\040and\040graded\040rings}{chapter.16}% 342
\BOOKMARK [2][-]{subsection.16.6.1}{Dimension\040and\040chains\040of\040homogeneous\040ideals}{section.16.6}% 343
\BOOKMARK [2][-]{subsection.16.6.2}{Dimension\040of\040graded\040modules}{section.16.6}% 344
\BOOKMARK [2][-]{subsection.16.6.3}{Dimension\040and\040graded\040algebras}{section.16.6}% 345
\BOOKMARK [1][-]{section.16.7}{Multiplicity}{chapter.16}% 346
\BOOKMARK [2][-]{subsection.16.7.1}{Multiplicity\040of\040a\040module\040relative\040to\040an\040ideal}{section.16.7}% 347
\BOOKMARK [2][-]{subsection.16.7.2}{Multiplicity\040and\040base\040change}{section.16.7}% 348
\BOOKMARK [2][-]{subsection.16.7.3}{Multiplicity\040and\040secant\040sequences}{section.16.7}% 349
\BOOKMARK [2][-]{subsection.16.7.4}{Exercise}{section.16.7}% 350
\BOOKMARK [0][-]{chapter.17}{Complete\040Noetherian\040local\040rings}{}% 351
\BOOKMARK [1][-]{section.17.1}{Witt\040vectors\040and\040Witt\040rings}{chapter.17}% 352
\BOOKMARK [2][-]{subsection.17.1.1}{Witt\040polynomials}{section.17.1}% 353
\BOOKMARK [2][-]{subsection.17.1.2}{The\040ring\040of\040Witt\040vectors}{section.17.1}% 354
\BOOKMARK [2][-]{subsection.17.1.3}{Filtration\040and\040topology\040of\040the\040Witt\040ring}{section.17.1}% 355
\BOOKMARK [2][-]{subsection.17.1.4}{The\040Witt\040ring\040with\040characteristic\040p}{section.17.1}% 356
\BOOKMARK [1][-]{section.17.2}{Cohen\040rings}{chapter.17}% 357
\BOOKMARK [2][-]{subsection.17.2.1}{p-rings}{section.17.2}% 358
\BOOKMARK [2][-]{subsection.17.2.2}{Existence\040and\040uniqueness\040of\040p-rings}{section.17.2}% 359
\BOOKMARK [2][-]{subsection.17.2.3}{Multiplicative\040representatives}{section.17.2}% 360
\BOOKMARK [2][-]{subsection.17.2.4}{Structure\040of\040Noetherian\040complete\040local\040rings}{section.17.2}% 361
\BOOKMARK [2][-]{subsection.17.2.5}{Coefficient\040fields}{section.17.2}% 362
\BOOKMARK [1][-]{section.17.3}{Integral\040closure\040of\040complete\040local\040rings}{chapter.17}% 363
\BOOKMARK [2][-]{subsection.17.3.1}{Japanese\040rings}{section.17.3}% 364
\BOOKMARK [2][-]{subsection.17.3.2}{Nagata\040rings}{section.17.3}% 365
\BOOKMARK [0][-]{chapter.18}{Depth}{}% 366
\BOOKMARK [1][-]{section.18.1}{Homological\040definition\040of\040depth}{chapter.18}% 367
\BOOKMARK [0][-]{chapter.19}{Sheaves\040and\040cohomology\040of\040sheaves}{}% 368
\BOOKMARK [1][-]{section.19.1}{Sheaves\040of\040sets}{chapter.19}% 369
\BOOKMARK [2][-]{subsection.19.1.1}{Presheaves\040and\040sheaves}{section.19.1}% 370
\BOOKMARK [2][-]{subsection.19.1.2}{Stalks\040of\040presheaves\040and\040sheaves}{section.19.1}% 371
\BOOKMARK [2][-]{subsection.19.1.3}{Sheafification}{section.19.1}% 372
\BOOKMARK [2][-]{subsection.19.1.4}{Direct\040and\040inverse\040images\040of\040sheaves}{section.19.1}% 373
\BOOKMARK [2][-]{subsection.19.1.5}{Open\040immersions\040and\040closed\040immersions}{section.19.1}% 374
\BOOKMARK [2][-]{subsection.19.1.6}{Glueing\040sheaves}{section.19.1}% 375
\BOOKMARK [2][-]{subsection.19.1.7}{Preheaves\040and\040sheaves\040over\040a\040basis}{section.19.1}% 376
\BOOKMARK [2][-]{subsection.19.1.8}{The\040category\040of\040presheaves\040and\040sheaves}{section.19.1}% 377
\BOOKMARK [1][-]{section.19.2}{Sheaf\040of\040modules}{chapter.19}% 378
\BOOKMARK [2][-]{subsection.19.2.1}{Presheaf\040of\040moudles}{section.19.2}% 379
\BOOKMARK [2][-]{subsection.19.2.2}{Sheaf\040of\040moudles}{section.19.2}% 380
\BOOKMARK [2][-]{subsection.19.2.3}{Sheafification\040of\040presheaves\040of\040modules}{section.19.2}% 381
\BOOKMARK [2][-]{subsection.19.2.4}{Continuous\040maps}{section.19.2}% 382
\BOOKMARK [2][-]{subsection.19.2.5}{Supports\040of\040modules\040and\040sections}{section.19.2}% 383
\BOOKMARK [2][-]{subsection.19.2.6}{Modules\040generated\040by\040sections}{section.19.2}% 384
\BOOKMARK [2][-]{subsection.19.2.7}{Tensor\040product}{section.19.2}% 385
\BOOKMARK [2][-]{subsection.19.2.8}{Internal\040Hom}{section.19.2}% 386
\BOOKMARK [2][-]{subsection.19.2.9}{The\040abelian\040category\040of\040sheaves\040of\040modules}{section.19.2}% 387
\BOOKMARK [1][-]{section.19.3}{Ringed\040spaces}{chapter.19}% 388
\BOOKMARK [2][-]{subsection.19.3.1}{Ringed\040spaces,\040A-modules,\040and\040A-algebras}{section.19.3}% 389
\BOOKMARK [2][-]{subsection.19.3.2}{Direct\040image\040of\040A-modules}{section.19.3}% 390
\BOOKMARK [2][-]{subsection.19.3.3}{Inverse\040image\040of\040a\040B-module}{section.19.3}% 391
\BOOKMARK [2][-]{subsection.19.3.4}{Relations\040of\040direct\040images\040and\040inverse\040images}{section.19.3}% 392
\BOOKMARK [2][-]{subsection.19.3.5}{Open\040immersions\040and\040representable\040natrual\040transformations}{section.19.3}% 393
\BOOKMARK [1][-]{section.19.4}{Quasi-coherent\040sheaves\040and\040coherent\040sheaves}{chapter.19}% 394
\BOOKMARK [2][-]{subsection.19.4.1}{Quasi-coherent\040sheaves}{section.19.4}% 395
\BOOKMARK [2][-]{subsection.19.4.2}{Sheaves\040of\040finite\040type}{section.19.4}% 396
\BOOKMARK [2][-]{subsection.19.4.3}{Coherent\040sheaves}{section.19.4}% 397
\BOOKMARK [2][-]{subsection.19.4.4}{Locally\040free\040sheaves}{section.19.4}% 398
\BOOKMARK [0][-]{chapter.20}{Cohomology\040group\040of\040sheaves}{}% 399
\BOOKMARK [1][-]{section.20.1}{Definition\040of\040sheaf\040cohomology}{chapter.20}% 400
\BOOKMARK [1][-]{section.20.2}{Flasque\040sheaves}{chapter.20}% 401
\BOOKMARK [1][-]{section.20.3}{Locality\040of\040cohomology}{chapter.20}% 402
\BOOKMARK [0][-]{chapter.21}{Čech cohomology}{}% 403
\BOOKMARK [1][-]{section.21.1}{The Čech cohomology group with respect to a covering}{chapter.21}% 404
\BOOKMARK [1][-]{section.21.2}{Čech cohomology as a functor on presheaves}{chapter.21}% 405
\BOOKMARK [1][-]{section.21.3}{The Čech cohomology groups}{chapter.21}% 406
\BOOKMARK [1][-]{section.21.4}{Long exact sequence of Čech-cohomology}{chapter.21}% 407
\BOOKMARK [2][-]{subsection.21.4.1}{General\040case}{section.21.4}% 408
\BOOKMARK [2][-]{subsection.21.4.2}{Paracompact\040space}{section.21.4}% 409
\BOOKMARK [1][-]{section.21.5}{Čech resolution and Leray Acyclic Theorem}{chapter.21}% 410
\BOOKMARK [1][-]{section.21.6}{Čech vs. Sheaf cohomology}{chapter.21}% 411
\BOOKMARK [0][-]{chapter.22}{The\040language\040of\040schemes}{}% 412
\BOOKMARK [1][-]{section.22.1}{Affine\040schemes}{chapter.22}% 413
\BOOKMARK [2][-]{subsection.22.1.1}{Sheaves\040associated\040with\040a\040module}{section.22.1}% 414
\BOOKMARK [2][-]{subsection.22.1.2}{Functorial\040properties\040of\040the\040associated\040sheaf}{section.22.1}% 415
\BOOKMARK [2][-]{subsection.22.1.3}{Quasi-coherent\040sheaves\040over\040affine\040schemes}{section.22.1}% 416
\BOOKMARK [1][-]{section.22.2}{General\040schemes}{chapter.22}% 417
\BOOKMARK [2][-]{subsection.22.2.1}{Schemes\040and\040morphisms\040of\040schemes}{section.22.2}% 418
\BOOKMARK [2][-]{subsection.22.2.2}{Local\040schemes}{section.22.2}% 419
\BOOKMARK [2][-]{subsection.22.2.3}{Shemes\040over\040a\040scheme}{section.22.2}% 420
\BOOKMARK [2][-]{subsection.22.2.4}{Quasi-coherent\040sheaves\040on\040schemes}{section.22.2}% 421
\BOOKMARK [2][-]{subsection.22.2.5}{Noetherian\040schemes\040and\040locally\040Noetherian\040schemes}{section.22.2}% 422
\BOOKMARK [1][-]{section.22.3}{Product\040of\040schemes}{chapter.22}% 423
\BOOKMARK [2][-]{subsection.22.3.1}{Product\040of\040schemes}{section.22.3}% 424
\BOOKMARK [2][-]{subsection.22.3.2}{Base\040change\040of\040schemes}{section.22.3}% 425
\BOOKMARK [2][-]{subsection.22.3.3}{Tensor\040product\040of\040quasi-coherent\040sheaves}{section.22.3}% 426
\BOOKMARK [2][-]{subsection.22.3.4}{Scheme\040valued\040points}{section.22.3}% 427
\BOOKMARK [2][-]{subsection.22.3.5}{Surjective\040morphisms}{section.22.3}% 428
\BOOKMARK [2][-]{subsection.22.3.6}{Radical\040morphisms}{section.22.3}% 429
\BOOKMARK [2][-]{subsection.22.3.7}{Fibers\040of\040morphisms}{section.22.3}% 430
\BOOKMARK [2][-]{subsection.22.3.8}{Universally\040open\040and\040universally\040closed\040morphisms}{section.22.3}% 431
\BOOKMARK [1][-]{section.22.4}{Subschemes\040and\040immersions}{chapter.22}% 432
\BOOKMARK [2][-]{subsection.22.4.1}{Subschemes}{section.22.4}% 433
\BOOKMARK [2][-]{subsection.22.4.2}{Immersions\040of\040schemes}{section.22.4}% 434
\BOOKMARK [2][-]{subsection.22.4.3}{Inverse\040image\040of\040subschemes}{section.22.4}% 435
\BOOKMARK [2][-]{subsection.22.4.4}{Local\040immersions\040and\040local\040isomorphisms}{section.22.4}% 436
\BOOKMARK [2][-]{subsection.22.4.5}{Nilradical\040and\040associated\040reduced\040scheme}{section.22.4}% 437
\BOOKMARK [2][-]{subsection.22.4.6}{Reduced\040scheme\040structure\040on\040closed\040subsets}{section.22.4}% 438
\BOOKMARK [1][-]{section.22.5}{Separated\040schemes\040and\040morphisms}{chapter.22}% 439
\BOOKMARK [2][-]{subsection.22.5.1}{Diagonal\040and\040graph\040of\040a\040morphism}{section.22.5}% 440
\BOOKMARK [2][-]{subsection.22.5.2}{Separated\040morphisms\040and\040schemes}{section.22.5}% 441
\BOOKMARK [2][-]{subsection.22.5.3}{Criterion\040of\040separated\040morphisms}{section.22.5}% 442
\BOOKMARK [1][-]{section.22.6}{Finiteness\040conditions\040for\040morphisms}{chapter.22}% 443
\BOOKMARK [2][-]{subsection.22.6.1}{Quasi-compact\040and\040quasi-separated\040morphisms}{section.22.6}% 444
\BOOKMARK [2][-]{subsection.22.6.2}{Morphisms\040of\040finite\040type\040and\040of\040finite\040presentation}{section.22.6}% 445
\BOOKMARK [2][-]{subsection.22.6.3}{Algebraic\040schemes}{section.22.6}% 446
\BOOKMARK [2][-]{subsection.22.6.4}{Local\040determination\040of\040morphisms}{section.22.6}% 447
\BOOKMARK [2][-]{subsection.22.6.5}{Direct\040image\040of\040quasi-coherent\040sheaves}{section.22.6}% 448
\BOOKMARK [2][-]{subsection.22.6.6}{Extension\040of\040quasi-coherent\040sheaves}{section.22.6}% 449
\BOOKMARK [2][-]{subsection.22.6.7}{Scheme-theoretic\040image}{section.22.6}% 450
\BOOKMARK [1][-]{section.22.7}{Rational\040maps\040over\040schemes}{chapter.22}% 451
\BOOKMARK [2][-]{subsection.22.7.1}{Rational\040maps\040and\040rational\040functions}{section.22.7}% 452
\BOOKMARK [2][-]{subsection.22.7.2}{Defining\040domain\040of\040a\040rational\040map}{section.22.7}% 453
\BOOKMARK [2][-]{subsection.22.7.3}{Sheaf\040of\040rational\040functions}{section.22.7}% 454
\BOOKMARK [2][-]{subsection.22.7.4}{Torsion\040sheaves\040and\040torsion-free\040sheaves}{section.22.7}% 455
\BOOKMARK [2][-]{subsection.22.7.5}{Separation\040criterion\040for\040integral\040schemes}{section.22.7}% 456
\BOOKMARK [1][-]{section.22.8}{Formal\040schemes}{chapter.22}% 457
\BOOKMARK [2][-]{subsection.22.8.1}{Formal\040affine\040schemes\040and\040morphisms}{section.22.8}% 458
\BOOKMARK [2][-]{subsection.22.8.2}{Morphisms\040of\040formal\040schemes}{section.22.8}% 459
\BOOKMARK [2][-]{subsection.22.8.3}{Inductive\040limits\040of\040schemes}{section.22.8}% 460
\BOOKMARK [2][-]{subsection.22.8.4}{Formal\040completion\040of\040schemes}{section.22.8}% 461
\BOOKMARK [0][-]{chapter.23}{Global\040properties\040of\040morphisms\040of\040schemes}{}% 462
\BOOKMARK [1][-]{section.23.1}{Affine\040morphisms}{chapter.23}% 463
\BOOKMARK [2][-]{subsection.23.1.1}{Schemes\040affine\040over\040a\040scheme}{section.23.1}% 464
\BOOKMARK [2][-]{subsection.23.1.2}{Affine\040S-scheme\040associated\040with\040an\040S-algebra}{section.23.1}% 465
\BOOKMARK [2][-]{subsection.23.1.3}{Quasi-coherent\040sheaves\040over\040affine\040S-schemes}{section.23.1}% 466
\BOOKMARK [2][-]{subsection.23.1.4}{Base\040change\040of\040affine\040S-schemes}{section.23.1}% 467
\BOOKMARK [2][-]{subsection.23.1.5}{Vector\040bundles}{section.23.1}% 468
\BOOKMARK [1][-]{section.23.2}{Homogeneous\040specturm\040of\040graded\040algebras}{chapter.23}% 469
\BOOKMARK [2][-]{subsection.23.2.1}{Localization\040of\040graded\040rings}{section.23.2}% 470
\BOOKMARK [2][-]{subsection.23.2.2}{The\040homogeneous\040specturm\040of\040a\040graded\040ring}{section.23.2}% 471
\BOOKMARK [2][-]{subsection.23.2.3}{Sheaf\040associated\040with\040a\040graded\040module}{section.23.2}% 472
\BOOKMARK [2][-]{subsection.23.2.4}{Graded\040S-module\040associated\040with\040a\040sheaf}{section.23.2}% 473
\BOOKMARK [2][-]{subsection.23.2.5}{Functorial\040properties\040of\040Proj}{section.23.2}% 474
\BOOKMARK [2][-]{subsection.23.2.6}{Closed\040subschemes\040of\040Proj}{section.23.2}% 475
\BOOKMARK [1][-]{section.23.3}{Homogeneous\040spectrum\040of\040sheaves\040of\040graded\040algebras}{chapter.23}% 476
\BOOKMARK [2][-]{subsection.23.3.1}{Homogeneous\040spectrum\040of\040a\040graded\040O-algebra}{section.23.3}% 477
\BOOKMARK [2][-]{subsection.23.3.2}{Sheaves\040associated\040with\040a\040graded\040S-module}{section.23.3}% 478
\BOOKMARK [2][-]{subsection.23.3.3}{Graded\040S-module\040assocaited\040with\040a\040sheaf}{section.23.3}% 479
\BOOKMARK [2][-]{subsection.23.3.4}{Functorial\040properties\040of\040Proj}{section.23.3}% 480
\BOOKMARK [2][-]{subsection.23.3.5}{Closed\040subschemes\040of\040Proj}{section.23.3}% 481
\BOOKMARK [2][-]{subsection.23.3.6}{Morphisms\040into\040Proj}{section.23.3}% 482
\BOOKMARK [1][-]{section.23.4}{Projective\040bundles\040and\040ample\040sheaves}{chapter.23}% 483
\BOOKMARK [2][-]{subsection.23.4.1}{Projective\040bundles}{section.23.4}% 484
\BOOKMARK [2][-]{subsection.23.4.2}{Morphisms\040into\040P}{section.23.4}% 485
\BOOKMARK [2][-]{subsection.23.4.3}{The\040Segre\040morphism}{section.23.4}% 486
\BOOKMARK [2][-]{subsection.23.4.4}{Very\040ample\040sheaves}{section.23.4}% 487
\BOOKMARK [2][-]{subsection.23.4.5}{Ample\040sheaves}{section.23.4}% 488
\BOOKMARK [2][-]{subsection.23.4.6}{Relatively\040ample\040sheaves}{section.23.4}% 489
\BOOKMARK [1][-]{section.23.5}{Quasi-affine,\040proper,\040and\040projective\040morphisms}{chapter.23}% 490
\BOOKMARK [2][-]{subsection.23.5.1}{Quasi-affine\040morphisms}{section.23.5}% 491
\BOOKMARK [2][-]{subsection.23.5.2}{Serre's\040criterion\040on\040affineness}{section.23.5}% 492
\BOOKMARK [2][-]{subsection.23.5.3}{Quasi-projective\040morphisms}{section.23.5}% 493
\BOOKMARK [2][-]{subsection.23.5.4}{Universally\040closed\040and\040proper\040morphisms}{section.23.5}% 494
\BOOKMARK [2][-]{subsection.23.5.5}{Projective\040morphisms}{section.23.5}% 495
\BOOKMARK [2][-]{subsection.23.5.6}{Chow's\040lemma}{section.23.5}% 496
\BOOKMARK [1][-]{section.23.6}{Integral\040morphisms\040and\040finite\040morphisms}{chapter.23}% 497
\BOOKMARK [2][-]{subsection.23.6.1}{Integral\040and\040finite\040morphisms}{section.23.6}% 498
\BOOKMARK [2][-]{subsection.23.6.2}{Quasi-finite\040morphisms}{section.23.6}% 499
\BOOKMARK [2][-]{subsection.23.6.3}{Integral\040closure\040of\040a\040scheme}{section.23.6}% 500
\BOOKMARK [2][-]{subsection.23.6.4}{Determinant\040of\040an\040endomorphism\040of\040OX-modules}{section.23.6}% 501
\BOOKMARK [2][-]{subsection.23.6.5}{Norm\040of\040an\040invertible\040sheaf}{section.23.6}% 502
\BOOKMARK [2][-]{subsection.23.6.6}{Application:\040a\040criterion\040of\040amplitude}{section.23.6}% 503
\BOOKMARK [2][-]{subsection.23.6.7}{Chevally's\040theorem}{section.23.6}% 504
\BOOKMARK [1][-]{section.23.7}{Valuative\040criterion}{chapter.23}% 505
\BOOKMARK [2][-]{subsection.23.7.1}{Remainders\040for\040valuation\040rings}{section.23.7}% 506
\BOOKMARK [2][-]{subsection.23.7.2}{Valuative\040criterion\040of\040separation}{section.23.7}% 507
\BOOKMARK [2][-]{subsection.23.7.3}{Valuative\040criterion\040of\040properness}{section.23.7}% 508
\BOOKMARK [2][-]{subsection.23.7.4}{Algebraic\040curves}{section.23.7}% 509
\BOOKMARK [1][-]{section.23.8}{Blow\040up\040of\040schemes,\040projective\040cones\040and\040closures}{chapter.23}% 510
\BOOKMARK [2][-]{subsection.23.8.1}{Blow\040up\040of\040schemes}{section.23.8}% 511
\BOOKMARK [2][-]{subsection.23.8.2}{Homogenization\040of\040graded\040rings}{section.23.8}% 512
\BOOKMARK [2][-]{subsection.23.8.3}{Projective\040cones}{section.23.8}% 513
\BOOKMARK [2][-]{subsection.23.8.4}{Functorial\040properties}{section.23.8}% 514
\BOOKMARK [2][-]{subsection.23.8.5}{Blunt\040cones\040over\040a\040homogeneous\040specturm}{section.23.8}% 515
\BOOKMARK [2][-]{subsection.23.8.6}{Blow\040up\040of\040projective\040cones}{section.23.8}% 516
\BOOKMARK [2][-]{subsection.23.8.7}{Ample\040sheaves\040and\040contractions}{section.23.8}% 517
\BOOKMARK [2][-]{subsection.23.8.8}{Quasi-coherent\040sheaves\040over\040the\040projective\040cone}{section.23.8}% 518
\BOOKMARK [0][-]{chapter.24}{Cohomology\040of\040coherent\040sheaves\040over\040schemes}{}% 519
\BOOKMARK [1][-]{section.24.1}{Cohomology\040of\040affine\040schemes}{chapter.24}% 520
\BOOKMARK [2][-]{subsection.24.1.1}{Čech cohomology and Koszul complex}{section.24.1}% 521
\BOOKMARK [2][-]{subsection.24.1.2}{Cohomology\040of\040affine\040schemes}{section.24.1}% 522
\BOOKMARK [2][-]{subsection.24.1.3}{Application\040to\040cohomology\040of\040schemes}{section.24.1}% 523
\BOOKMARK [1][-]{section.24.2}{Coholomogical\040study\040of\040projective\040morphisms}{chapter.24}% 524
\BOOKMARK [2][-]{subsection.24.2.1}{Cohomology\040associated\040with\040an\040invertible\040sheaf}{section.24.2}% 525
\BOOKMARK [2][-]{subsection.24.2.2}{The\040coherence\040theorem\040for\040projective\040morphisms}{section.24.2}% 526
\BOOKMARK [2][-]{subsection.24.2.3}{Applications\040to\040associated\040sheaves\040of\040graded\040modules}{section.24.2}% 527
\BOOKMARK [2][-]{subsection.24.2.4}{Euler\040characteristic\040and\040Hilbert\040polynomial}{section.24.2}% 528
\BOOKMARK [2][-]{subsection.24.2.5}{Cohomological\040criterion\040for\040ampleness}{section.24.2}% 529
\BOOKMARK [1][-]{section.24.3}{The\040finiteness\040theorem\040for\040proper\040morphisms}{chapter.24}% 530
\BOOKMARK [2][-]{subsection.24.3.1}{The dévissage lemma}{section.24.3}% 531
\BOOKMARK [2][-]{subsection.24.3.2}{The\040finiteness\040theorem\040for\040proper\040morphisms}{section.24.3}% 532
